Log file open, 09/05/18 10:40:20
LogWindows: Failed to load 'aqProf.dll' (GetLastError=126)
LogWindows: File 'aqProf.dll' does not exist
LogWindows: Failed to load 'VSPerf140.dll' (GetLastError=126)
LogWindows: File 'VSPerf140.dll' does not exist
LogWindows: Failed to load 'VtuneApi.dll' (GetLastError=126)
LogWindows: File 'VtuneApi.dll' does not exist
LogWindows: Failed to load 'VtuneApi32e.dll' (GetLastError=126)
LogWindows: File 'VtuneApi32e.dll' does not exist
LogInit: Display: Running engine for game: PersonnageTuto
LogPlatformFile: Not using cached read wrapper
LogTaskGraph: Started task graph with 5 named threads and 23 total threads with 3 sets of task threads.
LogStats: Stats thread started at 0.388922
LogD3D11RHI: Loaded GFSDK_Aftermath_Lib.x64.dll
LogICUInternationalization: Display: ICU TimeZone Detection - Raw Offset: +1:00, Platform Override: ''
LogPluginManager: Mounting plugin Paper2D
LogPluginManager: Mounting plugin AISupport
LogPluginManager: Mounting plugin LightPropagationVolume
LogPluginManager: Mounting plugin CLionSourceCodeAccess
LogPluginManager: Mounting plugin CodeLiteSourceCodeAccess
LogPluginManager: Mounting plugin GitSourceControl
LogPluginManager: Mounting plugin KDevelopSourceCodeAccess
LogPluginManager: Mounting plugin NullSourceCodeAccess
LogPluginManager: Mounting plugin PerforceSourceControl
LogPluginManager: Mounting plugin SubversionSourceControl
LogPluginManager: Mounting plugin UObjectPlugin
LogPluginManager: Mounting plugin VisualStudioCodeSourceCodeAccess
LogPluginManager: Mounting plugin VisualStudioSourceCodeAccess
LogPluginManager: Mounting plugin XCodeSourceCodeAccess
LogPluginManager: Mounting plugin AssetManagerEditor
LogPluginManager: Mounting plugin CryptoKeys
LogPluginManager: Mounting plugin DataValidation
LogPluginManager: Mounting plugin FacialAnimation
LogPluginManager: Mounting plugin GameplayTagsEditor
LogPluginManager: Mounting plugin MacGraphicsSwitching
LogPluginManager: Mounting plugin MeshEditor
LogPluginManager: Mounting plugin MobileLauncherProfileWizard
LogPluginManager: Mounting plugin PluginBrowser
LogPluginManager: Mounting plugin SpeedTreeImporter
LogPluginManager: Mounting plugin DatasmithContent
LogPluginManager: Mounting plugin AlembicImporter
LogPluginManager: Mounting plugin AppleImageUtils
LogPluginManager: Mounting plugin AppleVision
LogPluginManager: Mounting plugin BackChannel
LogPluginManager: Mounting plugin CharacterAI
LogPluginManager: Mounting plugin GeometryCache
LogPluginManager: Mounting plugin HTML5Networking
LogPluginManager: Mounting plugin ProxyLODPlugin
LogPluginManager: Mounting plugin MagicLeap
LogPluginManager: Mounting plugin MagicLeapEmulator
LogPluginManager: Mounting plugin MagicLeapMedia
LogPluginManager: Mounting plugin AndroidMedia
LogPluginManager: Mounting plugin AvfMedia
LogPluginManager: Mounting plugin ImgMedia
LogPluginManager: Mounting plugin LinearTimecode
LogPluginManager: Mounting plugin MediaCompositing
LogPluginManager: Mounting plugin MediaPlayerEditor
LogPluginManager: Mounting plugin WmfMedia
LogPluginManager: Mounting plugin TcpMessaging
LogPluginManager: Mounting plugin UdpMessaging
LogPluginManager: Mounting plugin ActorSequence
LogPluginManager: Mounting plugin LevelSequenceEditor
LogPluginManager: Mounting plugin MatineeToLevelSequence
LogPluginManager: Mounting plugin NetcodeUnitTest
LogPluginManager: Mounting plugin NUTUnrealEngine4
LogPluginManager: Mounting plugin OnlineSubsystemGooglePlay
LogPluginManager: Mounting plugin OnlineSubsystemIOS
LogPluginManager: Mounting plugin OnlineSubsystem
LogPluginManager: Mounting plugin OnlineSubsystemNull
LogPluginManager: Mounting plugin OnlineSubsystemUtils
LogPluginManager: Mounting plugin LauncherChunkInstaller
LogPluginManager: Mounting plugin AndroidDeviceProfileSelector
LogPluginManager: Mounting plugin AndroidMoviePlayer
LogPluginManager: Mounting plugin AndroidPermission
LogPluginManager: Mounting plugin AppleMoviePlayer
LogPluginManager: Mounting plugin ArchVisCharacter
LogPluginManager: Mounting plugin AudioCapture
LogPluginManager: Mounting plugin CableComponent
LogPluginManager: Mounting plugin CustomMeshComponent
LogPluginManager: Mounting plugin EditableMesh
LogPluginManager: Mounting plugin ExampleDeviceProfileSelector
LogPluginManager: Mounting plugin GoogleCloudMessaging
LogPluginManager: Mounting plugin ImmediatePhysics
LogPluginManager: Mounting plugin IOSDeviceProfileSelector
LogPluginManager: Mounting plugin LinuxDeviceProfileSelector
LogPluginManager: Mounting plugin LocationServicesBPLibrary
LogPluginManager: Mounting plugin MobilePatchingUtils
LogPluginManager: Mounting plugin OculusVR
LogPluginManager: Plugin shader directory ../../../Engine/Plugins/Runtime/Oculus/OculusVR/Shaders found
LogPluginManager: Mapping shader source directory ../../../Engine/Plugins/Runtime/Oculus/OculusVR/Shaders to virtual directory /Plugin/OculusVR
LogPluginManager: Mounting plugin PhysXVehicles
LogPluginManager: Mounting plugin ProceduralMeshComponent
LogPluginManager: Mounting plugin RuntimePhysXCooking
LogPluginManager: Mounting plugin SteamVR
LogPluginManager: Mounting plugin WindowsMoviePlayer
LogStreaming: Display: Took  0.315s to configure plugins.
LogInit: Using libcurl 7.55.1-DEV
LogInit:  - built for x86_64-pc-win32
LogInit:  - supports SSL with OpenSSL/1.0.2h
LogInit:  - supports HTTP deflate (compression) using libz 1.2.8
LogInit:  - other features:
LogInit:      CURL_VERSION_SSL
LogInit:      CURL_VERSION_LIBZ
LogInit:      CURL_VERSION_IPV6
LogInit:      CURL_VERSION_ASYNCHDNS
LogInit:      CURL_VERSION_LARGEFILE
LogInit:      CURL_VERSION_IDN
LogInit:  CurlRequestOptions (configurable via config and command line):
LogInit:  - bVerifyPeer = false  - Libcurl will NOT verify peer certificate
LogInit:  - bUseHttpProxy = false  - Libcurl will NOT use HTTP proxy
LogInit:  - bDontReuseConnections = false  - Libcurl will reuse connections
LogInit:  - CertBundlePath = nullptr  - Libcurl will use whatever was configured at build time.
LogInit:  - MaxHostConnections = 16  - Libcurl will limit the number of connections to a host
LogInit:  - LocalHostAddr = Default
LogInit:  - BufferSize = 65536
LogInit: WinSock: version 1.1 (2.2), MaxSocks=32767, MaxUdp=65467
LogInit: Build: ++UE4+Release-4.20-CL-4233996
LogInit: Engine Version: 4.20.1-4233996+++UE4+Release-4.20
LogInit: Compatible Engine Version: 4.20.0-4212847+++UE4+Release-4.20
LogInit: Net CL: 4212847
LogInit: OS: Windows 10 (), CPU: Intel(R) Core(TM) i7-6700HQ CPU @ 2.60GHz, GPU: Intel(R) HD Graphics 530
LogInit: Compiled (64-bit): Jul 26 2018 10:07:30
LogInit: Compiled with Visual C++: 19.13.26129.00
LogInit: Build Configuration: Development
LogInit: Branch Name: ++UE4+Release-4.20
LogInit: Command Line: 
LogInit: Base Directory: C:/Program Files/Epic Games/UE_4.20/Engine/Binaries/Win64/
LogInit: Installed Engine Build: 1
LogDevObjectVersion: Number of dev versions registered: 20
LogDevObjectVersion:   Dev-Blueprints (B0D832E4-1F89-4F0D-ACCF-7EB736FD4AA2): 10
LogDevObjectVersion:   Dev-Build (E1C64328-A22C-4D53-A36C-8E866417BD8C): 0
LogDevObjectVersion:   Dev-Core (375EC13C-06E4-48FB-B500-84F0262A717E): 2
LogDevObjectVersion:   Dev-Editor (E4B068ED-F494-42E9-A231-DA0B2E46BB41): 24
LogDevObjectVersion:   Dev-Framework (CFFC743F-43B0-4480-9391-14DF171D2073): 34
LogDevObjectVersion:   Dev-Mobile (B02B49B5-BB20-44E9-A304-32B752E40360): 2
LogDevObjectVersion:   Dev-Networking (A4E4105C-59A1-49B5-A7C5-40C4547EDFEE): 0
LogDevObjectVersion:   Dev-Online (39C831C9-5AE6-47DC-9A44-9C173E1C8E7C): 0
LogDevObjectVersion:   Dev-Physics (78F01B33-EBEA-4F98-B9B4-84EACCB95AA2): 0
LogDevObjectVersion:   Dev-Platform (6631380F-2D4D-43E0-8009-CF276956A95A): 0
LogDevObjectVersion:   Dev-Rendering (12F88B9F-8875-4AFC-A67C-D90C383ABD29): 26
LogDevObjectVersion:   Dev-Sequencer (7B5AE74C-D270-4C10-A958-57980B212A5A): 9
LogDevObjectVersion:   Dev-VR (D7296918-1DD6-4BDD-9DE2-64A83CC13884): 2
LogDevObjectVersion:   Dev-LoadTimes (C2A15278-BFE7-4AFE-6C17-90FF531DF755): 1
LogDevObjectVersion:   Private-Geometry (6EACA3D4-40EC-4CC1-B786-8BED09428FC5): 3
LogDevObjectVersion:   Dev-AnimPhys (29E575DD-E0A3-4627-9D10-D276232CDCEA): 17
LogDevObjectVersion:   Dev-ReflectionCapture (6B266CEC-1EC7-4B8F-A30B-E4D90942FC07): 1
LogDevObjectVersion:   Dev-Automation (0DF73D61-A23F-47EA-B727-89E90C41499A): 1
LogDevObjectVersion:   FortniteMain (601D1886-AC64-4F84-AA16-D3DE0DEAC7D6): 12
LogDevObjectVersion:   Dev-Enterprise (9DFFBCD6-494F-0158-E221-12823C92A888): 1
LogStreaming: Display: Took  0.004s to delete old logs.
LogInit: Presizing for max 8388607 objects, including 0 objects not considered by GC, pre-allocating 0 bytes for permanent pool.
LogInit: Object subsystem initialized
[2018.09.05-08.40.21:387][  0]LogInit: Selected Device Profile: [Windows]
[2018.09.05-08.40.21:388][  0]LogInit: Applying CVar settings loaded from the selected device profile: [Windows]
[2018.09.05-08.40.21:439][  0]LogHAL: Display: Platform has ~ 16 GB [17066762240 / 17179869184 / 16], which maps to Larger [LargestMinGB=32, LargerMinGB=12, DefaultMinGB=8, SmallerMinGB=6, SmallestMinGB=0)
[2018.09.05-08.40.21:439][  0]LogInit: Setting Device Profile CVar: [[r.Vulkan.UseRealUBs:1]]
[2018.09.05-08.40.21:439][  0]LogInit: Going up to parent DeviceProfile []
[2018.09.05-08.40.21:440][  0]LogInit: Computer: RAZER-BLADE
[2018.09.05-08.40.21:440][  0]LogInit: User: alexi
[2018.09.05-08.40.21:440][  0]LogInit: CPU Page size=4096, Cores=4
[2018.09.05-08.40.21:440][  0]LogInit: High frequency timer resolution =2.531246 MHz
[2018.09.05-08.40.21:441][  0]LogMemory: Memory total: Physical=15.9GB (16GB approx)
[2018.09.05-08.40.21:441][  0]LogMemory: Platform Memory Stats for Windows
[2018.09.05-08.40.21:441][  0]LogMemory: Process Physical Memory: 101.20 MB used, 101.20 MB peak
[2018.09.05-08.40.21:441][  0]LogMemory: Process Virtual Memory: 89.51 MB used, 89.51 MB peak
[2018.09.05-08.40.21:441][  0]LogMemory: Physical Memory: 8356.84 MB used,  7919.30 MB free, 16276.13 MB total
[2018.09.05-08.40.21:441][  0]LogMemory: Virtual Memory: 4643.37 MB used,  7919.30 MB free, 134217728.00 MB total
[2018.09.05-08.40.21:506][  0]LogInit: Using OS detected language (fr-FR).
[2018.09.05-08.40.21:506][  0]LogInit: Using OS detected locale (fr-FR).
[2018.09.05-08.40.21:508][  0]LogTextLocalizationManager: No specific localization for 'fr-FR' exists, so the 'fr' localization will be used.
[2018.09.05-08.40.21:517][  0]LogStreaming: Display: Took  0.011s to InitEngineTextLocalization.
[2018.09.05-08.40.21:517][  0]LogInit: Setting process to per monitor DPI aware
[2018.09.05-08.40.21:623][  0]LogSlate: New Slate User Created.  User Index 0, Is Virtual User: 0
[2018.09.05-08.40.21:623][  0]LogSlate: Slate User Registered.  User Index 0, Is Virtual User: 0
[2018.09.05-08.40.22:027][  0]LogHMD: Failed to initialize OpenVR with code 108
[2018.09.05-08.40.22:027][  0]LogD3D11RHI: D3D11 adapters:
[2018.09.05-08.40.22:129][  0]LogD3D11RHI:    0. 'NVIDIA GeForce GTX 1060' (Feature Level 11_0)
[2018.09.05-08.40.22:129][  0]LogD3D11RHI:       6061/0/8138 MB DedicatedVideo/DedicatedSystem/SharedSystem, Outputs:2, VendorId:0x10de
[2018.09.05-08.40.22:147][  0]LogD3D11RHI:    1. 'Intel(R) HD Graphics 530' (Feature Level 11_0)
[2018.09.05-08.40.22:147][  0]LogD3D11RHI:       128/0/8138 MB DedicatedVideo/DedicatedSystem/SharedSystem, Outputs:0, VendorId:0x8086
[2018.09.05-08.40.22:150][  0]LogD3D11RHI:    2. 'Microsoft Basic Render Driver' (Feature Level 11_0)
[2018.09.05-08.40.22:150][  0]LogD3D11RHI:       0/0/8138 MB DedicatedVideo/DedicatedSystem/SharedSystem, Outputs:0, VendorId:0x1414
[2018.09.05-08.40.22:150][  0]LogD3D11RHI: Chosen D3D11 Adapter: 0
[2018.09.05-08.40.22:178][  0]LogD3D11RHI: Creating new Direct3DDevice
[2018.09.05-08.40.22:178][  0]LogD3D11RHI:     GPU DeviceId: 0x1c20 (for the marketing name, search the web for "GPU Device Id")
[2018.09.05-08.40.22:178][  0]LogWindows: EnumDisplayDevices:
[2018.09.05-08.40.22:178][  0]LogWindows:    0. 'Intel(R) HD Graphics 530' (P:1 D:1)
[2018.09.05-08.40.22:179][  0]LogWindows:    1. 'Intel(R) HD Graphics 530' (P:0 D:0)
[2018.09.05-08.40.22:179][  0]LogWindows:    2. 'Intel(R) HD Graphics 530' (P:0 D:0)
[2018.09.05-08.40.22:179][  0]LogWindows:    3. 'NVIDIA GeForce GTX 1060' (P:0 D:1)
[2018.09.05-08.40.22:179][  0]LogWindows: DebugString: PrimaryIsNotTheChoosenAdapter PrimaryIsNotTheChoosenAdapter PrimaryIsNotTheChoosenAdapter 
[2018.09.05-08.40.22:179][  0]LogD3D11RHI:     Adapter Name: NVIDIA GeForce GTX 1060
[2018.09.05-08.40.22:179][  0]LogD3D11RHI:   Driver Version: 388.73 (internal:23.21.13.8873, unified:388.73)
[2018.09.05-08.40.22:179][  0]LogD3D11RHI:      Driver Date: 12-18-2017
[2018.09.05-08.40.22:179][  0]LogRHI: Texture pool is 4242 MB (70% of 6061 MB)
[2018.09.05-08.40.22:240][  0]LogD3D11RHI: Async texture creation enabled
[2018.09.05-08.40.22:301][  0]LogD3D11RHI: GPU Timing Frequency: 1000.000000 (Debug: 2 1)
[2018.09.05-08.40.22:361][  0]LogShaderCompilers: Guid format shader working directory is -13 characters bigger than the processId version (../../../../../../Users/alexi/Unreal Engine/PersonnageTuto/Intermediate/Shaders/WorkingDirectory/18312/).
[2018.09.05-08.40.22:361][  0]LogShaderCompilers: Cleaned the shader compiler working directory 'C:/Users/alexi/AppData/Local/Temp/UnrealShaderWorkingDir/EC9CE2544B7B6121B714F6B78921D022/'.
[2018.09.05-08.40.22:962][  0]LogTemp: Display: Loaded TP AllDesktopTargetPlatform
[2018.09.05-08.40.22:987][  0]LogTemp: Display: Loaded TP MacClientTargetPlatform
[2018.09.05-08.40.23:022][  0]LogTemp: Display: Loaded TP MacNoEditorTargetPlatform
[2018.09.05-08.40.23:049][  0]LogTemp: Display: Loaded TP MacServerTargetPlatform
[2018.09.05-08.40.23:074][  0]LogTemp: Display: Loaded TP MacTargetPlatform
[2018.09.05-08.40.23:092][  0]LogTemp: Display: Loaded TP WindowsClientTargetPlatform
[2018.09.05-08.40.23:118][  0]LogTemp: Display: Loaded TP WindowsNoEditorTargetPlatform
[2018.09.05-08.40.23:146][  0]LogTemp: Display: Loaded TP WindowsServerTargetPlatform
[2018.09.05-08.40.23:170][  0]LogTemp: Display: Loaded TP WindowsTargetPlatform
[2018.09.05-08.40.23:342][  0]LogTemp: Display: Loaded TP AndroidTargetPlatform
[2018.09.05-08.40.23:343][  0]LogTemp: Display: Loaded TP AndroidTargetPlatform
[2018.09.05-08.40.23:343][  0]LogTemp: Display: Loaded TP AndroidTargetPlatform
[2018.09.05-08.40.23:343][  0]LogTemp: Display: Loaded TP AndroidTargetPlatform
[2018.09.05-08.40.23:343][  0]LogTemp: Display: Loaded TP AndroidTargetPlatform
[2018.09.05-08.40.23:343][  0]LogTemp: Display: Loaded TP AndroidTargetPlatform
[2018.09.05-08.40.23:343][  0]LogTemp: Display: Loaded TP AndroidTargetPlatform
[2018.09.05-08.40.23:343][  0]LogTemp: Display: Loaded TP AndroidTargetPlatform
[2018.09.05-08.40.23:343][  0]LogTemp: Display: Loaded TP AndroidTargetPlatform
[2018.09.05-08.40.23:343][  0]LogTemp: Display: Loaded TP AndroidTargetPlatform
[2018.09.05-08.40.23:343][  0]LogTemp: Display: Loaded TP AndroidTargetPlatform
[2018.09.05-08.40.23:343][  0]LogTemp: Display: Loaded TP AndroidTargetPlatform
[2018.09.05-08.40.23:344][  0]LogTemp: Display: Loaded TP AndroidTargetPlatform
[2018.09.05-08.40.23:344][  0]LogTemp: Display: Loaded TP AndroidTargetPlatform
[2018.09.05-08.40.23:344][  0]LogTemp: Display: Loaded TP AndroidTargetPlatform
[2018.09.05-08.40.23:344][  0]LogTemp: Display: Loaded TP AndroidTargetPlatform
[2018.09.05-08.40.23:344][  0]LogTemp: Display: Loaded TP AndroidTargetPlatform
[2018.09.05-08.40.23:344][  0]LogTemp: Display: Loaded TP AndroidTargetPlatform
[2018.09.05-08.40.23:347][  0]LogTemp: Display: Loaded TP HTML5TargetPlatform
[2018.09.05-08.40.23:460][  0]LogTemp: Display: Loaded TP IOSTargetPlatform
[2018.09.05-08.40.23:460][  0]LogTemp: Display: Loaded TP IOSTargetPlatform
[2018.09.05-08.40.23:502][  0]LogTemp: Display: Loaded TP TVOSTargetPlatform
[2018.09.05-08.40.23:502][  0]LogTemp: Display: Loaded TP TVOSTargetPlatform
[2018.09.05-08.40.23:532][  0]LogTemp: Display: Loaded TP LinuxClientTargetPlatform
[2018.09.05-08.40.23:555][  0]LogTemp: Display: Loaded TP LinuxNoEditorTargetPlatform
[2018.09.05-08.40.23:594][  0]LogTemp: Display: Loaded TP LinuxServerTargetPlatform
[2018.09.05-08.40.23:624][  0]LogTemp: Display: Loaded TP LinuxTargetPlatform
[2018.09.05-08.40.23:648][  0]LogTemp: Display: Loaded TP LuminTargetPlatform
[2018.09.05-08.40.23:648][  0]LogTargetPlatformManager: Display: Building Assets For Windows
[2018.09.05-08.40.23:784][  0]LogXGEController: Cannot use XGE Controller as Incredibuild is not installed on this machine.
[2018.09.05-08.40.23:785][  0]LogShaderCompilers: Cannot use XGE Shader Compiler as Incredibuild is not installed on this machine.
[2018.09.05-08.40.23:785][  0]LogShaderCompilers: Display: Using Local Shader Compiler.
[2018.09.05-08.40.25:356][  0]LogDerivedDataCache: Display: Max Cache Size: 512 MB
[2018.09.05-08.40.25:481][  0]LogDerivedDataCache: Loaded boot cache 0.12s 71MB C:/Users/alexi/AppData/Local/UnrealEngine/4.20/DerivedDataCache/Boot.ddc.
[2018.09.05-08.40.25:481][  0]LogDerivedDataCache: Display: Loaded Boot cache: C:/Users/alexi/AppData/Local/UnrealEngine/4.20/DerivedDataCache/Boot.ddc
[2018.09.05-08.40.25:482][  0]LogDerivedDataCache: FDerivedDataBackendGraph:  Pak pak cache file ../../../../../../Users/alexi/Unreal Engine/PersonnageTuto/DerivedDataCache/DDC.ddp not found, will not use a pak cache.
[2018.09.05-08.40.25:482][  0]LogDerivedDataCache: Unable to find inner node Pak for hierarchical cache Hierarchy.
[2018.09.05-08.40.25:482][  0]LogDerivedDataCache: FDerivedDataBackendGraph:  CompressedPak pak cache file ../../../../../../Users/alexi/Unreal Engine/PersonnageTuto/DerivedDataCache/Compressed.ddp not found, will not use a pak cache.
[2018.09.05-08.40.25:483][  0]LogDerivedDataCache: Unable to find inner node CompressedPak for hierarchical cache Hierarchy.
[2018.09.05-08.40.25:509][  0]LogDerivedDataCache: Display: Pak cache opened for reading ../../../Engine/DerivedDataCache/Compressed.ddp.
[2018.09.05-08.40.25:522][  0]LogDerivedDataCache: Using Local data cache path C:/Users/alexi/AppData/Local/UnrealEngine/Common/DerivedDataCache: Writable
[2018.09.05-08.40.25:522][  0]LogDerivedDataCache: Shared data cache path not found in *engine.ini, will not use an Shared cache.
[2018.09.05-08.40.25:522][  0]LogDerivedDataCache: Unable to find inner node Shared for hierarchical cache Hierarchy.
[2018.09.05-08.40.25:558][  0]LogMaterial: Verifying Global Shaders for PCD3D_SM5
[2018.09.05-08.40.25:560][  0]LogSlate: Using FreeType 2.6.0
[2018.09.05-08.40.25:562][  0]LogSlate: SlateFontServices - WITH_FREETYPE: 1, WITH_HARFBUZZ: 1
[2018.09.05-08.40.25:704][  0]LogAssetRegistry: FAssetRegistry took 0.0320 seconds to start up
[2018.09.05-08.40.26:391][  0]LogInit: Selected Device Profile: [Windows]
[2018.09.05-08.40.26:667][  0]LogSimplygon: Simplygon DLL not present - disabling.
[2018.09.05-08.40.26:676][  0]LogMeshReduction: Using SimplygonSwarm for distributed automatic mesh merging
[2018.09.05-08.40.26:676][  0]LogMeshReduction: Using ProxyLODMeshReduction for automatic mesh merging
[2018.09.05-08.40.26:676][  0]LogMeshReduction: Using QuadricMeshReduction for automatic static mesh reduction
[2018.09.05-08.40.26:676][  0]LogMeshReduction: No automatic skeletal mesh reduction module available
[2018.09.05-08.40.26:715][  0]LogNetVersion: PersonnageTuto 1.0.0, NetCL: 4212847, EngineNetVer: 5, GameNetVer: 0 (Checksum: 1093588729)
[2018.09.05-08.40.27:840][  0]LogPackageLocalizationCache: Processed 11 localized package path(s) for 2 prioritized culture(s) in 0.212176 seconds
[2018.09.05-08.40.27:857][  0]LogUObjectArray: 38425 objects as part of root set at end of initial load.
[2018.09.05-08.40.27:857][  0]LogUObjectAllocator: 6690864 out of 0 bytes used by permanent object pool.
[2018.09.05-08.40.27:857][  0]LogUObjectArray: CloseDisregardForGC: 0/0 objects in disregard for GC pool
[2018.09.05-08.40.29:508][  0]LogTcpMessaging: Initializing TcpMessaging bridge
[2018.09.05-08.40.29:526][  0]LogUdpMessaging: Initializing bridge on interface 0.0.0.0:0 to multicast group 230.0.0.1:6666.
[2018.09.05-08.40.29:769][  0]SourceControl: Source control is disabled
[2018.09.05-08.40.29:769][  0]SourceControl: Source control is disabled
[2018.09.05-08.40.29:770][  0]SourceControl: Source control is disabled
[2018.09.05-08.40.29:771][  0]SourceControl: Source control is disabled
[2018.09.05-08.40.30:019][  0]LogAndroidPermission: UAndroidPermissionCallbackProxy::GetInstance
[2018.09.05-08.40.30:396][  0]LogOcInput: OculusInput pre-init called
[2018.09.05-08.40.30:494][  0]LogEngine: Initializing Engine...
[2018.09.05-08.40.30:547][  0]LogHMD: Failed to initialize OpenVR with code 117
[2018.09.05-08.40.30:552][  0]LogStats: UGameplayTagsManager::ConstructGameplayTagTree: ImportINI prefixes -  0.000 s
[2018.09.05-08.40.30:553][  0]LogStats: UGameplayTagsManager::ConstructGameplayTagTree: Construct from data asset -  0.000 s
[2018.09.05-08.40.30:554][  0]LogStats: UGameplayTagsManager::ConstructGameplayTagTree: ImportINI -  0.001 s
[2018.09.05-08.40.30:554][  0]LogStats: UGameplayTagsManager::ConstructGameplayTagTree: GameplayTagTreeChangedEvent.Broadcast -  0.000 s
[2018.09.05-08.40.31:026][  0]LogInit: Initializing FReadOnlyCVARCache
[2018.09.05-08.40.31:051][  0]LogAIModule: Creating AISystem for world Untitled
[2018.09.05-08.40.31:224][  0]LogInit: XAudio2 using 'Casque (LH-811 Stereo)' : 2 channels at 44.1 kHz using 16 bits per sample (channel mask 0x3)
[2018.09.05-08.40.31:255][  0]LogInit: FAudioDevice initialized.
[2018.09.05-08.40.31:255][  0]LogNetVersion: Set ProjectVersion to 1.0.0.0. Version Checksum will be recalculated on next use.
[2018.09.05-08.40.31:354][  0]LogDerivedDataCache: Saved boot cache 0.10s 71MB C:/Users/alexi/AppData/Local/UnrealEngine/4.20/DerivedDataCache/Boot.ddc.
[2018.09.05-08.40.31:369][  0]LogInit: Texture streaming: Enabled
[2018.09.05-08.40.31:400][  0]LogEngineSessionManager: EngineSessionManager initialized
[2018.09.05-08.40.31:429][  0]LogInit: Transaction tracking system initialized
[2018.09.05-08.40.31:466][  0]BlueprintLog: New page: Editor Load
[2018.09.05-08.40.31:608][  0]LocalizationService: Localization service is disabled
[2018.09.05-08.40.32:092][  0]LogCook: Display: Max memory allowance for cook 16384mb min free memory 0mb
[2018.09.05-08.40.32:092][  0]LogCook: Display: Mobile HDR setting 1
[2018.09.05-08.40.32:092][  0]LogGameplayTags: Display: UGameplayTagsManager::DoneAddingNativeTags. DelegateIsBound: 0
[2018.09.05-08.40.32:092][  0]LogStats: UGameplayTagsManager::ConstructGameplayTagTree: ImportINI prefixes -  0.000 s
[2018.09.05-08.40.32:092][  0]LogStats: UGameplayTagsManager::ConstructGameplayTagTree: Construct from data asset -  0.000 s
[2018.09.05-08.40.32:092][  0]LogStats: UGameplayTagsManager::ConstructGameplayTagTree: ImportINI -  0.000 s
[2018.09.05-08.40.32:092][  0]LogStats: UGameplayTagsManager::ConstructGameplayTagTree: GameplayTagTreeChangedEvent.Broadcast -  0.000 s
[2018.09.05-08.40.32:341][  0]LogFileCache: Scanning file cache for directory 'C:/Users/alexi/Unreal Engine/PersonnageTuto/Content/' took 0.04s
[2018.09.05-08.40.32:341][  0]SourceControl: Source control is disabled
[2018.09.05-08.40.32:341][  0]Cmd: MAP LOAD FILE="../../../../../../Users/alexi/Unreal Engine/PersonnageTuto/Content/Maps/Map_Menu.umap" TEMPLATE=0 SHOWPROGRESS=1 FEATURELEVEL=3
[2018.09.05-08.40.32:353][  0]LightingResults: New page: Lighting Build
[2018.09.05-08.40.32:361][  0]MapCheck: New page: Map Check
[2018.09.05-08.40.32:361][  0]LightingResults: New page: Lighting Build
[2018.09.05-08.40.32:459][  0]LogAIModule: Creating AISystem for world Map_Menu
[2018.09.05-08.40.32:460][  0]LogEditorServer: Finished looking for orphan Actors (0.000 secs)
[2018.09.05-08.40.32:495][  0]Cmd: MAP CHECKDEP NOCLEARLOG
[2018.09.05-08.40.32:632][  0]MapCheck: Map check complete: 0 Error(s), 0 Warning(s), took 136,249ms to complete.
[2018.09.05-08.40.32:632][  0]LogFileHelpers: Loading map 'Map_Menu' took 0.291
[2018.09.05-08.40.32:802][  0]LogSlate: Updating window title bar state: overlay mode, drag disabled, window buttons hidden, title bar hidden
[2018.09.05-08.40.32:816][  0]LogSlate: Updating window title bar state: overlay mode, drag disabled, window buttons hidden, title bar hidden
[2018.09.05-08.40.32:835][  0]LogSlate: Updating window title bar state: overlay mode, drag disabled, window buttons hidden, title bar hidden
[2018.09.05-08.40.32:848][  0]LogSlate: Updating window title bar state: overlay mode, drag disabled, window buttons hidden, title bar hidden
[2018.09.05-08.40.32:857][  0]LogCollectionManager: Loaded 0 collections in 0.001455 seconds
[2018.09.05-08.40.32:912][  0]LogFileCache: Scanning file cache for directory 'C:/Users/alexi/Unreal Engine/PersonnageTuto/Saved/Collections/' took 0.01s
[2018.09.05-08.40.32:913][  0]LogFileCache: Scanning file cache for directory 'C:/Users/alexi/Unreal Engine/PersonnageTuto/Content/Developers/alexi/Collections/' took 0.01s
[2018.09.05-08.40.32:913][  0]LogFileCache: Scanning file cache for directory 'C:/Users/alexi/Unreal Engine/PersonnageTuto/Content/Collections/' took 0.01s
[2018.09.05-08.40.32:913][  0]LogCollectionManager: Rebuilt the GUID cache for 0 collections in 0.000001 seconds
[2018.09.05-08.40.32:926][  0]LogContentBrowser: Native class hierarchy populated in 0.0129 seconds. Added 2572 classes and 603 folders.
[2018.09.05-08.40.32:939][  0]LogContentBrowser: Native class hierarchy updated for 'WidgetCarousel' in 0.0004 seconds. Added 0 classes and 0 folders.
[2018.09.05-08.40.33:019][  0]LogContentBrowser: Native class hierarchy updated for 'AddContentDialog' in 0.0004 seconds. Added 0 classes and 0 folders.
[2018.09.05-08.40.33:024][  0]LogContentBrowser: Native class hierarchy updated for 'SceneOutliner' in 0.0004 seconds. Added 1 classes and 2 folders.
[2018.09.05-08.40.35:173][  0]LogSlate: Only BGRA pngs, bmps or icos are supported in by External Image Picker
[2018.09.05-08.40.35:262][  0]LogSlate: Took 0.000415 seconds to synchronously load lazily loaded font '../../../Engine/Content/Slate/Fonts/Roboto-Regular.ttf' (155K)
[2018.09.05-08.40.35:266][  0]LogSlate: Took 0.000340 seconds to synchronously load lazily loaded font '../../../Engine/Content/Slate/Fonts/Roboto-Bold.ttf' (160K)
[2018.09.05-08.40.35:274][  0]LogSlate: Took 0.000384 seconds to synchronously load lazily loaded font '../../../Engine/Content/Editor/Slate/Fonts/FontAwesome.ttf' (139K)
[2018.09.05-08.40.35:454][  0]LogTemp: Executing iPhonePackager certificates Engine -bundlename com.YourCompany.PersonnageTuto
[2018.09.05-08.40.35:454][  0]LogTemp: CWD: C:\Program Files\Epic Games\UE_4.20\Engine\Binaries\DotNET\IOS
[2018.09.05-08.40.35:454][  0]LogTemp: Initial Dir: C:\Program Files\Epic Games\UE_4.20
[2018.09.05-08.40.35:454][  0]LogTemp: Env CWD: C:\Program Files\Epic Games\UE_4.20\Engine\Binaries\DotNET\IOS
[2018.09.05-08.40.35:455][  0]LogTemp: BranchPath = RAZER-BLADE/C/Program Files/Epic Games/UE_4.20/Engine/Binaries --- GameBranchPath = RAZER-BLADE/C/Program Files/Epic Games/UE_4.20/Engine/Binaries
[2018.09.05-08.40.35:455][  0]LogTemp: IPP ERROR: Could not find provision directory 'C:\Users\alexi\AppData\Local/Apple Computer/MobileDevice/Provisioning Profiles/'.
[2018.09.05-08.40.35:455][  0]LogRenderer: Reallocating scene render targets to support 1208x644 Format 10 NumSamples 1 (Frame:1).
[2018.09.05-08.40.35:739][  0]LogContentBrowser: Native class hierarchy updated for 'HierarchicalLODOutliner' in 0.0003 seconds. Added 0 classes and 0 folders.
[2018.09.05-08.40.35:739][  0]LogLoad: (Engine Initialization) Total time: 17.17 seconds
[2018.09.05-08.40.35:739][  0]LogLoad: (Engine Initialization) Total Blueprint compile time: 0.00 seconds
[2018.09.05-08.40.35:758][  0]LogWindowsTextInputMethodSystem: Display: IME system now deactivated.
[2018.09.05-08.40.35:794][  0]LogContentStreaming: Texture pool size now 3000 MB
[2018.09.05-08.40.35:839][  0]LogSlate: Took 0.000627 seconds to synchronously load lazily loaded font '../../../Engine/Content/Slate/Fonts/Roboto-Light.ttf' (167K)
[2018.09.05-08.40.36:028][  4]LogAssetRegistry: Asset discovery search completed in 10.3480 seconds
[2018.09.05-08.40.36:036][  4]LogCollectionManager: Rebuilt the object cache for 0 collections in 0.000001 seconds (found 0 objects)
[2018.09.05-08.40.36:036][  4]LogCollectionManager: Fixed up redirectors for 0 collections in 0.000182 seconds (updated 0 objects)
[2018.09.05-08.40.46:408][591]LogSlate: FSceneViewport::OnFocusLost() reason 0
[2018.09.05-08.40.50:214][728]LogSlate: Took 0.000761 seconds to synchronously load lazily loaded font '../../../Engine/Content/Slate/Fonts/Roboto-Light.ttf' (167K)
[2018.09.05-08.40.50:260][728]LogAssetEditorManager: Opening Asset editor for Blueprint /Game/Personnage/BP_Ganfaul.BP_Ganfaul
[2018.09.05-08.40.51:204][728]LogContentBrowser: Native class hierarchy updated for 'BlueprintGraph' in 0.0012 seconds. Added 116 classes and 0 folders.
[2018.09.05-08.40.52:972][728]LogSlate: Took 0.000392 seconds to synchronously load lazily loaded font '../../../Engine/Content/Slate/Fonts/Roboto-BoldCondensed.ttf' (158K)
[2018.09.05-08.40.53:167][729]LogSlate: Took 0.000724 seconds to synchronously load lazily loaded font '../../../Engine/Content/Slate/Fonts/Roboto-Italic.ttf' (157K)
[2018.09.05-10.28.57:522][350]LogTemp: Repeating last play command: Selected Viewport
[2018.09.05-10.28.57:726][350]LogBlueprintUserMessages: Early PlayInEditor Detection: Level '/Game/Maps/Map_Menu.Map_Menu:PersistentLevel' has LevelScriptBlueprint '/Game/Maps/Map_Menu.Map_Menu:PersistentLevel.Map_Menu' with GeneratedClass '/Game/Maps/Map_Menu.Map_Menu_C' with ClassGeneratedBy '/Game/Maps/Map_Menu.Map_Menu:PersistentLevel.Map_Menu'
[2018.09.05-10.28.57:727][350]LogPlayLevel: PlayLevel: No blueprints needed recompiling
[2018.09.05-10.28.57:742][350]PIE: New page: PIE session: Map_Menu (5 sept. 2018 14:28:57)
[2018.09.05-10.28.57:744][350]LogPlayLevel: Creating play world package: /Game/Maps/UEDPIE_0_Map_Menu
[2018.09.05-10.28.57:756][350]LogPlayLevel: PIE: StaticDuplicateObject took: (0.010683s)
[2018.09.05-10.28.57:761][350]LogAIModule: Creating AISystem for world Map_Menu
[2018.09.05-10.28.57:763][350]LogPlayLevel: PIE: World Init took: (0.006313s)
[2018.09.05-10.28.57:763][350]LogPlayLevel: PIE: Created PIE world by copying editor world from /Game/Maps/Map_Menu.Map_Menu to /Game/Maps/UEDPIE_0_Map_Menu.Map_Menu (0.018079s)
[2018.09.05-10.28.57:866][350]LogInit: XAudio2 using 'Casque (LH-811 Stereo)' : 2 channels at 44.1 kHz using 16 bits per sample (channel mask 0x3)
[2018.09.05-10.28.57:877][350]LogInit: FAudioDevice initialized.
[2018.09.05-10.28.57:892][350]LogSlate: Updating window title bar state: overlay mode, drag disabled, window buttons hidden, title bar hidden
[2018.09.05-10.28.57:955][350]LogLoad: Game class is 'GameMode'
[2018.09.05-10.28.57:961][350]LogWorld: Bringing World /Game/Maps/UEDPIE_0_Map_Menu.Map_Menu up for play (max tick rate 60) at 2018.09.05-12.28.57
[2018.09.05-10.28.57:961][350]LogWorld: Bringing up level for play took: 0.001150
[2018.09.05-10.28.57:975][350]LogGameMode: FindPlayerStart: PATHS NOT DEFINED or NO PLAYERSTART with positive rating
[2018.09.05-10.28.57:985][350]LogContentBrowser: Native class hierarchy updated for 'MovieSceneCapture' in 0.0014 seconds. Added 10 classes and 0 folders.
[2018.09.05-10.28.57:985][350]LogGameMode: Display: Match State Changed from EnteringMap to WaitingToStart
[2018.09.05-10.28.57:985][350]LogGameState: Match State Changed from EnteringMap to WaitingToStart
[2018.09.05-10.28.57:985][350]LogGameMode: Display: Match State Changed from WaitingToStart to InProgress
[2018.09.05-10.28.57:995][350]LogGameState: Match State Changed from WaitingToStart to InProgress
[2018.09.05-10.28.57:997][350]PIE: Play in editor start time for /Game/Maps/UEDPIE_0_Map_Menu -0,008
[2018.09.05-10.28.58:000][350]LogBlueprintUserMessages: Late PlayInEditor Detection: Level '/Game/Maps/Map_Menu.Map_Menu:PersistentLevel' has LevelScriptBlueprint '/Game/Maps/Map_Menu.Map_Menu:PersistentLevel.Map_Menu' with GeneratedClass '/Game/Maps/Map_Menu.Map_Menu_C' with ClassGeneratedBy '/Game/Maps/Map_Menu.Map_Menu:PersistentLevel.Map_Menu'
[2018.09.05-10.28.58:019][350]LogRenderer: Reallocating scene render targets to support 1292x756 Format 10 NumSamples 1 (Frame:1).
[2018.09.05-10.29.00:051][468]LogGameMode: Display: Match State Changed from InProgress to LeavingMap
[2018.09.05-10.29.00:052][468]LogGameState: Match State Changed from InProgress to LeavingMap
[2018.09.05-10.29.00:052][468]LogNet: Browse: /Game/Maps/Map_LevelTest
[2018.09.05-10.29.00:052][468]LogLoad: LoadMap: /Game/Maps/Map_LevelTest
[2018.09.05-10.29.02:552][468]LogAIModule: Creating AISystem for world Map_LevelTest
[2018.09.05-10.29.02:630][468]LogLoad: Game class is 'ThirdPersonGameMode_C'
[2018.09.05-10.29.02:656][468]LogWorld: Bringing World /Game/Maps/UEDPIE_0_Map_LevelTest.Map_LevelTest up for play (max tick rate 60) at 2018.09.05-12.29.02
[2018.09.05-10.29.02:657][468]LogWorld: Bringing up level for play took: 0.025462
[2018.09.05-10.29.02:661][468]LogLoad: Took 2.609450 seconds to LoadMap(/Game/Maps/Map_LevelTest)
[2018.09.05-10.29.02:776][470]LogBlueprintUserMessages: Early EndPlayMap Detection: Level '/Game/Maps/Map_Menu.Map_Menu:PersistentLevel' has LevelScriptBlueprint '/Game/Maps/Map_Menu.Map_Menu:PersistentLevel.Map_Menu' with GeneratedClass '/Game/Maps/Map_Menu.Map_Menu_C' with ClassGeneratedBy '/Game/Maps/Map_Menu.Map_Menu:PersistentLevel.Map_Menu'
[2018.09.05-10.29.02:777][470]LogSlate: Updating window title bar state: overlay mode, drag disabled, window buttons hidden, title bar hidden
[2018.09.05-10.29.02:813][470]LogSlate: Window 'PersonnageTuto Game Preview Standalone (64-bit/PCD3D_SM5)' being destroyed
[2018.09.05-10.29.02:850][470]LogPlayLevel: Display: Shutting down PIE online subsystems
[2018.09.05-10.29.02:851][470]LogBlueprintUserMessages: Late EndPlayMap Detection: Level '/Game/Maps/Map_Menu.Map_Menu:PersistentLevel' has LevelScriptBlueprint '/Game/Maps/Map_Menu.Map_Menu:PersistentLevel.Map_Menu' with GeneratedClass '/Game/Maps/Map_Menu.Map_Menu_C' with ClassGeneratedBy '/Game/Maps/Map_Menu.Map_Menu:PersistentLevel.Map_Menu'
[2018.09.05-10.29.02:904][471]LogPlayLevel: Display: Destroying online subsystem :Context_8
[2018.09.05-10.29.18:385][369]LogAIModule: Creating AISystem for world Map_LevelTest
[2018.09.05-10.29.18:415][369]LogAssetEditorManager: Opening Asset editor for World /Game/Maps/Map_LevelTest.Map_LevelTest
[2018.09.05-10.29.18:449][369]Cmd: MAP LOAD FILE="../../../../../../Users/alexi/Unreal Engine/PersonnageTuto/Content/Maps/Map_LevelTest.umap" TEMPLATE=0 SHOWPROGRESS=1 FEATURELEVEL=3
[2018.09.05-10.29.18:450][369]LightingResults: New page: Lighting Build
[2018.09.05-10.29.18:450][369]LoadErrors: New page: Loading map: Map_LevelTest.umap
[2018.09.05-10.29.18:451][369]MapCheck: New page: Map Check
[2018.09.05-10.29.18:451][369]LightingResults: New page: Lighting Build
[2018.09.05-10.29.18:650][369]LogEditorServer: Finished looking for orphan Actors (0.000 secs)
[2018.09.05-10.29.18:726][369]Cmd: MAP CHECKDEP NOCLEARLOG
[2018.09.05-10.29.18:818][369]MapCheck: Map check complete: 0 Error(s), 0 Warning(s), took 91,981ms to complete.
[2018.09.05-10.29.18:818][369]LogFileHelpers: Loading map 'Map_LevelTest' took 0.372
[2018.09.05-10.29.20:067][435]LogTemp: Repeating last play command: Selected Viewport
[2018.09.05-10.29.20:098][435]LogBlueprintUserMessages: Early PlayInEditor Detection: Level '/Game/Maps/Map_LevelTest.Map_LevelTest:PersistentLevel' has LevelScriptBlueprint '/Game/Maps/Map_LevelTest.Map_LevelTest:PersistentLevel.Map_LevelTest' with GeneratedClass '/Game/Maps/Map_LevelTest.Map_LevelTest_C' with ClassGeneratedBy '/Game/Maps/Map_LevelTest.Map_LevelTest:PersistentLevel.Map_LevelTest'
[2018.09.05-10.29.20:098][435]LogPlayLevel: PlayLevel: No blueprints needed recompiling
[2018.09.05-10.29.20:098][435]PIE: New page: PIE session: Map_LevelTest (5 sept. 2018 14:29:20)
[2018.09.05-10.29.20:098][435]LogPlayLevel: Creating play world package: /Game/Maps/UEDPIE_0_Map_LevelTest
[2018.09.05-10.29.20:121][435]LogPlayLevel: PIE: StaticDuplicateObject took: (0.023298s)
[2018.09.05-10.29.20:122][435]LogAIModule: Creating AISystem for world Map_LevelTest
[2018.09.05-10.29.20:123][435]LogPlayLevel: PIE: World Init took: (0.000952s)
[2018.09.05-10.29.20:123][435]LogPlayLevel: PIE: Created PIE world by copying editor world from /Game/Maps/Map_LevelTest.Map_LevelTest to /Game/Maps/UEDPIE_0_Map_LevelTest.Map_LevelTest (0.024461s)
[2018.09.05-10.29.20:177][435]LogInit: XAudio2 using 'Casque (LH-811 Stereo)' : 2 channels at 44.1 kHz using 16 bits per sample (channel mask 0x3)
[2018.09.05-10.29.20:188][435]LogInit: FAudioDevice initialized.
[2018.09.05-10.29.20:223][435]LogLoad: Game class is 'ThirdPersonGameMode_C'
[2018.09.05-10.29.20:227][435]LogWorld: Bringing World /Game/Maps/UEDPIE_0_Map_LevelTest.Map_LevelTest up for play (max tick rate 60) at 2018.09.05-12.29.20
[2018.09.05-10.29.20:228][435]LogWorld: Bringing up level for play took: 0.003080
[2018.09.05-10.29.20:242][435]PIE: Play in editor start time for /Game/Maps/UEDPIE_0_Map_LevelTest 0,238
[2018.09.05-10.29.20:242][435]LogBlueprintUserMessages: Late PlayInEditor Detection: Level '/Game/Maps/Map_LevelTest.Map_LevelTest:PersistentLevel' has LevelScriptBlueprint '/Game/Maps/Map_LevelTest.Map_LevelTest:PersistentLevel.Map_LevelTest' with GeneratedClass '/Game/Maps/Map_LevelTest.Map_LevelTest_C' with ClassGeneratedBy '/Game/Maps/Map_LevelTest.Map_LevelTest:PersistentLevel.Map_LevelTest'
[2018.09.05-10.29.52:108][345]LogBlueprintUserMessages: Early EndPlayMap Detection: Level '/Game/Maps/Map_LevelTest.Map_LevelTest:PersistentLevel' has LevelScriptBlueprint '/Game/Maps/Map_LevelTest.Map_LevelTest:PersistentLevel.Map_LevelTest' with GeneratedClass '/Game/Maps/Map_LevelTest.Map_LevelTest_C' with ClassGeneratedBy '/Game/Maps/Map_LevelTest.Map_LevelTest:PersistentLevel.Map_LevelTest'
[2018.09.05-10.29.52:108][345]LogSlate: Updating window title bar state: overlay mode, drag disabled, window buttons hidden, title bar hidden
[2018.09.05-10.29.52:144][345]LogPlayLevel: Display: Shutting down PIE online subsystems
[2018.09.05-10.29.52:144][345]LogBlueprintUserMessages: Late EndPlayMap Detection: Level '/Game/Maps/Map_LevelTest.Map_LevelTest:PersistentLevel' has LevelScriptBlueprint '/Game/Maps/Map_LevelTest.Map_LevelTest:PersistentLevel.Map_LevelTest' with GeneratedClass '/Game/Maps/Map_LevelTest.Map_LevelTest_C' with ClassGeneratedBy '/Game/Maps/Map_LevelTest.Map_LevelTest:PersistentLevel.Map_LevelTest'
[2018.09.05-10.29.52:174][345]LogSlate: Updating window title bar state: overlay mode, drag disabled, window buttons hidden, title bar hidden
[2018.09.05-10.29.52:207][346]LogPlayLevel: Display: Destroying online subsystem :Context_9
[2018.09.05-10.29.53:416][418]LogSlate: FSceneViewport::OnFocusLost() reason 0
[2018.09.05-10.44.03:673][694]LogAudio: Warning: Current Audio Device with ID {0.0.0.00000000}.{60196574-61f9-40ea-9281-8a3ea9dca75a} was removed. Shutting down audio device.
[2018.09.05-10.44.03:673][694]LogInit: XAudio2 using 'Haut-parleurs (Razer Surround Audio Controller)' : 6 channels at 48 kHz using 16 bits per sample (channel mask 0x3f)
[2018.09.05-13.18.14:877][642]LogInit: XAudio2 using 'Casque (LH-811 Stereo)' : 2 channels at 44.1 kHz using 16 bits per sample (channel mask 0x3)
[2018.09.05-13.18.15:518][644]LogInit: XAudio2 using 'Haut-parleurs (Razer Surround Audio Controller)' : 6 channels at 48 kHz using 16 bits per sample (channel mask 0x3f)
[2018.09.05-13.18.22:227][664]LogInit: XAudio2 using 'Casque (LH-811 Stereo)' : 2 channels at 44.1 kHz using 16 bits per sample (channel mask 0x3)
