Log file open, 09/03/18 17:47:45
LogWindows: Failed to load 'aqProf.dll' (GetLastError=126)
LogWindows: File 'aqProf.dll' does not exist
LogWindows: Failed to load 'VSPerf140.dll' (GetLastError=126)
LogWindows: File 'VSPerf140.dll' does not exist
LogWindows: Failed to load 'VtuneApi.dll' (GetLastError=126)
LogWindows: File 'VtuneApi.dll' does not exist
LogWindows: Failed to load 'VtuneApi32e.dll' (GetLastError=126)
LogWindows: File 'VtuneApi32e.dll' does not exist
LogInit: Display: Running engine for game: PersonnageTuto
LogPlatformFile: Not using cached read wrapper
LogTaskGraph: Started task graph with 5 named threads and 23 total threads with 3 sets of task threads.
LogStats: Stats thread started at 0.308324
LogD3D11RHI: Loaded GFSDK_Aftermath_Lib.x64.dll
LogICUInternationalization: Display: ICU TimeZone Detection - Raw Offset: +1:00, Platform Override: ''
LogPluginManager: Mounting plugin Paper2D
LogPluginManager: Mounting plugin AISupport
LogPluginManager: Mounting plugin LightPropagationVolume
LogPluginManager: Mounting plugin CLionSourceCodeAccess
LogPluginManager: Mounting plugin CodeLiteSourceCodeAccess
LogPluginManager: Mounting plugin GitSourceControl
LogPluginManager: Mounting plugin KDevelopSourceCodeAccess
LogPluginManager: Mounting plugin NullSourceCodeAccess
LogPluginManager: Mounting plugin PerforceSourceControl
LogPluginManager: Mounting plugin SubversionSourceControl
LogPluginManager: Mounting plugin UObjectPlugin
LogPluginManager: Mounting plugin VisualStudioCodeSourceCodeAccess
LogPluginManager: Mounting plugin VisualStudioSourceCodeAccess
LogPluginManager: Mounting plugin XCodeSourceCodeAccess
LogPluginManager: Mounting plugin AssetManagerEditor
LogPluginManager: Mounting plugin CryptoKeys
LogPluginManager: Mounting plugin DataValidation
LogPluginManager: Mounting plugin FacialAnimation
LogPluginManager: Mounting plugin GameplayTagsEditor
LogPluginManager: Mounting plugin MacGraphicsSwitching
LogPluginManager: Mounting plugin MeshEditor
LogPluginManager: Mounting plugin MobileLauncherProfileWizard
LogPluginManager: Mounting plugin PluginBrowser
LogPluginManager: Mounting plugin SpeedTreeImporter
LogPluginManager: Mounting plugin DatasmithContent
LogPluginManager: Mounting plugin AlembicImporter
LogPluginManager: Mounting plugin AppleImageUtils
LogPluginManager: Mounting plugin AppleVision
LogPluginManager: Mounting plugin BackChannel
LogPluginManager: Mounting plugin CharacterAI
LogPluginManager: Mounting plugin GeometryCache
LogPluginManager: Mounting plugin HTML5Networking
LogPluginManager: Mounting plugin ProxyLODPlugin
LogPluginManager: Mounting plugin MagicLeap
LogPluginManager: Mounting plugin MagicLeapEmulator
LogPluginManager: Mounting plugin MagicLeapMedia
LogPluginManager: Mounting plugin AndroidMedia
LogPluginManager: Mounting plugin AvfMedia
LogPluginManager: Mounting plugin ImgMedia
LogPluginManager: Mounting plugin LinearTimecode
LogPluginManager: Mounting plugin MediaCompositing
LogPluginManager: Mounting plugin MediaPlayerEditor
LogPluginManager: Mounting plugin WmfMedia
LogPluginManager: Mounting plugin TcpMessaging
LogPluginManager: Mounting plugin UdpMessaging
LogPluginManager: Mounting plugin ActorSequence
LogPluginManager: Mounting plugin LevelSequenceEditor
LogPluginManager: Mounting plugin MatineeToLevelSequence
LogPluginManager: Mounting plugin NetcodeUnitTest
LogPluginManager: Mounting plugin NUTUnrealEngine4
LogPluginManager: Mounting plugin OnlineSubsystemGooglePlay
LogPluginManager: Mounting plugin OnlineSubsystemIOS
LogPluginManager: Mounting plugin OnlineSubsystem
LogPluginManager: Mounting plugin OnlineSubsystemNull
LogPluginManager: Mounting plugin OnlineSubsystemUtils
LogPluginManager: Mounting plugin LauncherChunkInstaller
LogPluginManager: Mounting plugin AndroidDeviceProfileSelector
LogPluginManager: Mounting plugin AndroidMoviePlayer
LogPluginManager: Mounting plugin AndroidPermission
LogPluginManager: Mounting plugin AppleMoviePlayer
LogPluginManager: Mounting plugin ArchVisCharacter
LogPluginManager: Mounting plugin AudioCapture
LogPluginManager: Mounting plugin CableComponent
LogPluginManager: Mounting plugin CustomMeshComponent
LogPluginManager: Mounting plugin EditableMesh
LogPluginManager: Mounting plugin ExampleDeviceProfileSelector
LogPluginManager: Mounting plugin GoogleCloudMessaging
LogPluginManager: Mounting plugin ImmediatePhysics
LogPluginManager: Mounting plugin IOSDeviceProfileSelector
LogPluginManager: Mounting plugin LinuxDeviceProfileSelector
LogPluginManager: Mounting plugin LocationServicesBPLibrary
LogPluginManager: Mounting plugin MobilePatchingUtils
LogPluginManager: Mounting plugin OculusVR
LogPluginManager: Plugin shader directory ../../../Engine/Plugins/Runtime/Oculus/OculusVR/Shaders found
LogPluginManager: Mapping shader source directory ../../../Engine/Plugins/Runtime/Oculus/OculusVR/Shaders to virtual directory /Plugin/OculusVR
LogPluginManager: Mounting plugin PhysXVehicles
LogPluginManager: Mounting plugin ProceduralMeshComponent
LogPluginManager: Mounting plugin RuntimePhysXCooking
LogPluginManager: Mounting plugin SteamVR
LogPluginManager: Mounting plugin WindowsMoviePlayer
LogStreaming: Display: Took  0.092s to configure plugins.
LogInit: Using libcurl 7.55.1-DEV
LogInit:  - built for x86_64-pc-win32
LogInit:  - supports SSL with OpenSSL/1.0.2h
LogInit:  - supports HTTP deflate (compression) using libz 1.2.8
LogInit:  - other features:
LogInit:      CURL_VERSION_SSL
LogInit:      CURL_VERSION_LIBZ
LogInit:      CURL_VERSION_IPV6
LogInit:      CURL_VERSION_ASYNCHDNS
LogInit:      CURL_VERSION_LARGEFILE
LogInit:      CURL_VERSION_IDN
LogInit:  CurlRequestOptions (configurable via config and command line):
LogInit:  - bVerifyPeer = false  - Libcurl will NOT verify peer certificate
LogInit:  - bUseHttpProxy = false  - Libcurl will NOT use HTTP proxy
LogInit:  - bDontReuseConnections = false  - Libcurl will reuse connections
LogInit:  - CertBundlePath = nullptr  - Libcurl will use whatever was configured at build time.
LogInit:  - MaxHostConnections = 16  - Libcurl will limit the number of connections to a host
LogInit:  - LocalHostAddr = Default
LogInit:  - BufferSize = 65536
LogInit: WinSock: version 1.1 (2.2), MaxSocks=32767, MaxUdp=65467
LogInit: Build: ++UE4+Release-4.20-CL-4233996
LogInit: Engine Version: 4.20.1-4233996+++UE4+Release-4.20
LogInit: Compatible Engine Version: 4.20.0-4212847+++UE4+Release-4.20
LogInit: Net CL: 4212847
LogInit: OS: Windows 10 (), CPU: Intel(R) Core(TM) i7-6700HQ CPU @ 2.60GHz, GPU: Intel(R) HD Graphics 530
LogInit: Compiled (64-bit): Jul 26 2018 10:07:30
LogInit: Compiled with Visual C++: 19.13.26129.00
LogInit: Build Configuration: Development
LogInit: Branch Name: ++UE4+Release-4.20
LogInit: Command Line: 
LogInit: Base Directory: C:/Program Files/Epic Games/UE_4.20/Engine/Binaries/Win64/
LogInit: Installed Engine Build: 1
LogDevObjectVersion: Number of dev versions registered: 20
LogDevObjectVersion:   Dev-Blueprints (B0D832E4-1F89-4F0D-ACCF-7EB736FD4AA2): 10
LogDevObjectVersion:   Dev-Build (E1C64328-A22C-4D53-A36C-8E866417BD8C): 0
LogDevObjectVersion:   Dev-Core (375EC13C-06E4-48FB-B500-84F0262A717E): 2
LogDevObjectVersion:   Dev-Editor (E4B068ED-F494-42E9-A231-DA0B2E46BB41): 24
LogDevObjectVersion:   Dev-Framework (CFFC743F-43B0-4480-9391-14DF171D2073): 34
LogDevObjectVersion:   Dev-Mobile (B02B49B5-BB20-44E9-A304-32B752E40360): 2
LogDevObjectVersion:   Dev-Networking (A4E4105C-59A1-49B5-A7C5-40C4547EDFEE): 0
LogDevObjectVersion:   Dev-Online (39C831C9-5AE6-47DC-9A44-9C173E1C8E7C): 0
LogDevObjectVersion:   Dev-Physics (78F01B33-EBEA-4F98-B9B4-84EACCB95AA2): 0
LogDevObjectVersion:   Dev-Platform (6631380F-2D4D-43E0-8009-CF276956A95A): 0
LogDevObjectVersion:   Dev-Rendering (12F88B9F-8875-4AFC-A67C-D90C383ABD29): 26
LogDevObjectVersion:   Dev-Sequencer (7B5AE74C-D270-4C10-A958-57980B212A5A): 9
LogDevObjectVersion:   Dev-VR (D7296918-1DD6-4BDD-9DE2-64A83CC13884): 2
LogDevObjectVersion:   Dev-LoadTimes (C2A15278-BFE7-4AFE-6C17-90FF531DF755): 1
LogDevObjectVersion:   Private-Geometry (6EACA3D4-40EC-4CC1-B786-8BED09428FC5): 3
LogDevObjectVersion:   Dev-AnimPhys (29E575DD-E0A3-4627-9D10-D276232CDCEA): 17
LogDevObjectVersion:   Dev-ReflectionCapture (6B266CEC-1EC7-4B8F-A30B-E4D90942FC07): 1
LogDevObjectVersion:   Dev-Automation (0DF73D61-A23F-47EA-B727-89E90C41499A): 1
LogDevObjectVersion:   FortniteMain (601D1886-AC64-4F84-AA16-D3DE0DEAC7D6): 12
LogDevObjectVersion:   Dev-Enterprise (9DFFBCD6-494F-0158-E221-12823C92A888): 1
LogStreaming: Display: Took  0.000s to delete old logs.
LogInit: Presizing for max 8388607 objects, including 0 objects not considered by GC, pre-allocating 0 bytes for permanent pool.
LogInit: Object subsystem initialized
[2018.09.03-15.47.45:690][  0]LogInit: Selected Device Profile: [Windows]
[2018.09.03-15.47.45:690][  0]LogInit: Applying CVar settings loaded from the selected device profile: [Windows]
[2018.09.03-15.47.45:703][  0]LogHAL: Display: Platform has ~ 16 GB [17066762240 / 17179869184 / 16], which maps to Larger [LargestMinGB=32, LargerMinGB=12, DefaultMinGB=8, SmallerMinGB=6, SmallestMinGB=0)
[2018.09.03-15.47.45:703][  0]LogInit: Setting Device Profile CVar: [[r.Vulkan.UseRealUBs:1]]
[2018.09.03-15.47.45:703][  0]LogInit: Going up to parent DeviceProfile []
[2018.09.03-15.47.45:703][  0]LogInit: Computer: RAZER-BLADE
[2018.09.03-15.47.45:703][  0]LogInit: User: alexi
[2018.09.03-15.47.45:703][  0]LogInit: CPU Page size=4096, Cores=4
[2018.09.03-15.47.45:703][  0]LogInit: High frequency timer resolution =2.531252 MHz
[2018.09.03-15.47.45:703][  0]LogMemory: Memory total: Physical=15.9GB (16GB approx)
[2018.09.03-15.47.45:703][  0]LogMemory: Platform Memory Stats for Windows
[2018.09.03-15.47.45:703][  0]LogMemory: Process Physical Memory: 101.00 MB used, 101.00 MB peak
[2018.09.03-15.47.45:703][  0]LogMemory: Process Virtual Memory: 89.56 MB used, 89.56 MB peak
[2018.09.03-15.47.45:703][  0]LogMemory: Physical Memory: 9491.41 MB used,  6784.73 MB free, 16276.13 MB total
[2018.09.03-15.47.45:703][  0]LogMemory: Virtual Memory: 4643.37 MB used,  6784.73 MB free, 134217728.00 MB total
[2018.09.03-15.47.45:725][  0]LogInit: Using OS detected language (fr-FR).
[2018.09.03-15.47.45:725][  0]LogInit: Using OS detected locale (fr-FR).
[2018.09.03-15.47.45:725][  0]LogTextLocalizationManager: No specific localization for 'fr-FR' exists, so the 'fr' localization will be used.
[2018.09.03-15.47.45:727][  0]LogStreaming: Display: Took  0.002s to InitEngineTextLocalization.
[2018.09.03-15.47.45:727][  0]LogInit: Setting process to per monitor DPI aware
[2018.09.03-15.47.45:785][  0]LogSlate: New Slate User Created.  User Index 0, Is Virtual User: 0
[2018.09.03-15.47.45:785][  0]LogSlate: Slate User Registered.  User Index 0, Is Virtual User: 0
[2018.09.03-15.47.46:057][  0]LogHMD: Failed to initialize OpenVR with code 117
[2018.09.03-15.47.46:057][  0]LogD3D11RHI: D3D11 adapters:
[2018.09.03-15.47.46:125][  0]LogD3D11RHI:    0. 'NVIDIA GeForce GTX 1060' (Feature Level 11_0)
[2018.09.03-15.47.46:125][  0]LogD3D11RHI:       6061/0/8138 MB DedicatedVideo/DedicatedSystem/SharedSystem, Outputs:2, VendorId:0x10de
[2018.09.03-15.47.46:138][  0]LogD3D11RHI:    1. 'Intel(R) HD Graphics 530' (Feature Level 11_0)
[2018.09.03-15.47.46:138][  0]LogD3D11RHI:       128/0/8138 MB DedicatedVideo/DedicatedSystem/SharedSystem, Outputs:0, VendorId:0x8086
[2018.09.03-15.47.46:140][  0]LogD3D11RHI:    2. 'Microsoft Basic Render Driver' (Feature Level 11_0)
[2018.09.03-15.47.46:140][  0]LogD3D11RHI:       0/0/8138 MB DedicatedVideo/DedicatedSystem/SharedSystem, Outputs:0, VendorId:0x1414
[2018.09.03-15.47.46:140][  0]LogD3D11RHI: Chosen D3D11 Adapter: 0
[2018.09.03-15.47.46:163][  0]LogD3D11RHI: Creating new Direct3DDevice
[2018.09.03-15.47.46:163][  0]LogD3D11RHI:     GPU DeviceId: 0x1c20 (for the marketing name, search the web for "GPU Device Id")
[2018.09.03-15.47.46:164][  0]LogWindows: EnumDisplayDevices:
[2018.09.03-15.47.46:164][  0]LogWindows:    0. 'Intel(R) HD Graphics 530' (P:1 D:1)
[2018.09.03-15.47.46:164][  0]LogWindows:    1. 'Intel(R) HD Graphics 530' (P:0 D:0)
[2018.09.03-15.47.46:164][  0]LogWindows:    2. 'Intel(R) HD Graphics 530' (P:0 D:0)
[2018.09.03-15.47.46:164][  0]LogWindows:    3. 'NVIDIA GeForce GTX 1060' (P:0 D:1)
[2018.09.03-15.47.46:165][  0]LogWindows: DebugString: PrimaryIsNotTheChoosenAdapter PrimaryIsNotTheChoosenAdapter PrimaryIsNotTheChoosenAdapter 
[2018.09.03-15.47.46:165][  0]LogD3D11RHI:     Adapter Name: NVIDIA GeForce GTX 1060
[2018.09.03-15.47.46:165][  0]LogD3D11RHI:   Driver Version: 388.73 (internal:23.21.13.8873, unified:388.73)
[2018.09.03-15.47.46:165][  0]LogD3D11RHI:      Driver Date: 12-18-2017
[2018.09.03-15.47.46:165][  0]LogRHI: Texture pool is 4242 MB (70% of 6061 MB)
[2018.09.03-15.47.46:206][  0]LogD3D11RHI: Async texture creation enabled
[2018.09.03-15.47.46:247][  0]LogD3D11RHI: GPU Timing Frequency: 1000.000000 (Debug: 2 1)
[2018.09.03-15.47.46:297][  0]LogShaderCompilers: Guid format shader working directory is -12 characters bigger than the processId version (../../../../../../Users/alexi/Unreal Engine/PersonnageTuto/Intermediate/Shaders/WorkingDirectory/9048/).
[2018.09.03-15.47.46:297][  0]LogShaderCompilers: Cleaned the shader compiler working directory 'C:/Users/alexi/AppData/Local/Temp/UnrealShaderWorkingDir/0AFD531044B7680E72FDB69A6459A3E0/'.
[2018.09.03-15.47.46:627][  0]LogTemp: Display: Loaded TP AllDesktopTargetPlatform
[2018.09.03-15.47.46:647][  0]LogTemp: Display: Loaded TP MacClientTargetPlatform
[2018.09.03-15.47.46:662][  0]LogTemp: Display: Loaded TP MacNoEditorTargetPlatform
[2018.09.03-15.47.46:678][  0]LogTemp: Display: Loaded TP MacServerTargetPlatform
[2018.09.03-15.47.46:693][  0]LogTemp: Display: Loaded TP MacTargetPlatform
[2018.09.03-15.47.46:708][  0]LogTemp: Display: Loaded TP WindowsClientTargetPlatform
[2018.09.03-15.47.46:727][  0]LogTemp: Display: Loaded TP WindowsNoEditorTargetPlatform
[2018.09.03-15.47.46:743][  0]LogTemp: Display: Loaded TP WindowsServerTargetPlatform
[2018.09.03-15.47.46:749][  0]LogTemp: Display: Loaded TP WindowsTargetPlatform
[2018.09.03-15.47.46:850][  0]LogTemp: Display: Loaded TP AndroidTargetPlatform
[2018.09.03-15.47.46:851][  0]LogTemp: Display: Loaded TP AndroidTargetPlatform
[2018.09.03-15.47.46:851][  0]LogTemp: Display: Loaded TP AndroidTargetPlatform
[2018.09.03-15.47.46:851][  0]LogTemp: Display: Loaded TP AndroidTargetPlatform
[2018.09.03-15.47.46:851][  0]LogTemp: Display: Loaded TP AndroidTargetPlatform
[2018.09.03-15.47.46:851][  0]LogTemp: Display: Loaded TP AndroidTargetPlatform
[2018.09.03-15.47.46:851][  0]LogTemp: Display: Loaded TP AndroidTargetPlatform
[2018.09.03-15.47.46:851][  0]LogTemp: Display: Loaded TP AndroidTargetPlatform
[2018.09.03-15.47.46:851][  0]LogTemp: Display: Loaded TP AndroidTargetPlatform
[2018.09.03-15.47.46:851][  0]LogTemp: Display: Loaded TP AndroidTargetPlatform
[2018.09.03-15.47.46:851][  0]LogTemp: Display: Loaded TP AndroidTargetPlatform
[2018.09.03-15.47.46:851][  0]LogTemp: Display: Loaded TP AndroidTargetPlatform
[2018.09.03-15.47.46:851][  0]LogTemp: Display: Loaded TP AndroidTargetPlatform
[2018.09.03-15.47.46:851][  0]LogTemp: Display: Loaded TP AndroidTargetPlatform
[2018.09.03-15.47.46:851][  0]LogTemp: Display: Loaded TP AndroidTargetPlatform
[2018.09.03-15.47.46:851][  0]LogTemp: Display: Loaded TP AndroidTargetPlatform
[2018.09.03-15.47.46:851][  0]LogTemp: Display: Loaded TP AndroidTargetPlatform
[2018.09.03-15.47.46:851][  0]LogTemp: Display: Loaded TP AndroidTargetPlatform
[2018.09.03-15.47.46:852][  0]LogTemp: Display: Loaded TP HTML5TargetPlatform
[2018.09.03-15.47.46:915][  0]LogTemp: Display: Loaded TP IOSTargetPlatform
[2018.09.03-15.47.46:915][  0]LogTemp: Display: Loaded TP IOSTargetPlatform
[2018.09.03-15.47.46:948][  0]LogTemp: Display: Loaded TP TVOSTargetPlatform
[2018.09.03-15.47.46:948][  0]LogTemp: Display: Loaded TP TVOSTargetPlatform
[2018.09.03-15.47.46:961][  0]LogTemp: Display: Loaded TP LinuxClientTargetPlatform
[2018.09.03-15.47.46:974][  0]LogTemp: Display: Loaded TP LinuxNoEditorTargetPlatform
[2018.09.03-15.47.46:988][  0]LogTemp: Display: Loaded TP LinuxServerTargetPlatform
[2018.09.03-15.47.47:003][  0]LogTemp: Display: Loaded TP LinuxTargetPlatform
[2018.09.03-15.47.47:012][  0]LogTemp: Display: Loaded TP LuminTargetPlatform
[2018.09.03-15.47.47:013][  0]LogTargetPlatformManager: Display: Building Assets For Windows
[2018.09.03-15.47.47:071][  0]LogXGEController: Cannot use XGE Controller as Incredibuild is not installed on this machine.
[2018.09.03-15.47.47:071][  0]LogShaderCompilers: Cannot use XGE Shader Compiler as Incredibuild is not installed on this machine.
[2018.09.03-15.47.47:071][  0]LogShaderCompilers: Display: Using Local Shader Compiler.
[2018.09.03-15.47.47:895][  0]LogDerivedDataCache: Display: Max Cache Size: 512 MB
[2018.09.03-15.47.47:956][  0]LogDerivedDataCache: Loaded boot cache 0.06s 71MB C:/Users/alexi/AppData/Local/UnrealEngine/4.20/DerivedDataCache/Boot.ddc.
[2018.09.03-15.47.47:956][  0]LogDerivedDataCache: Display: Loaded Boot cache: C:/Users/alexi/AppData/Local/UnrealEngine/4.20/DerivedDataCache/Boot.ddc
[2018.09.03-15.47.47:956][  0]LogDerivedDataCache: FDerivedDataBackendGraph:  Pak pak cache file ../../../../../../Users/alexi/Unreal Engine/PersonnageTuto/DerivedDataCache/DDC.ddp not found, will not use a pak cache.
[2018.09.03-15.47.47:956][  0]LogDerivedDataCache: Unable to find inner node Pak for hierarchical cache Hierarchy.
[2018.09.03-15.47.47:956][  0]LogDerivedDataCache: FDerivedDataBackendGraph:  CompressedPak pak cache file ../../../../../../Users/alexi/Unreal Engine/PersonnageTuto/DerivedDataCache/Compressed.ddp not found, will not use a pak cache.
[2018.09.03-15.47.47:956][  0]LogDerivedDataCache: Unable to find inner node CompressedPak for hierarchical cache Hierarchy.
[2018.09.03-15.47.47:970][  0]LogDerivedDataCache: Display: Pak cache opened for reading ../../../Engine/DerivedDataCache/Compressed.ddp.
[2018.09.03-15.47.47:982][  0]LogDerivedDataCache: Using Local data cache path C:/Users/alexi/AppData/Local/UnrealEngine/Common/DerivedDataCache: Writable
[2018.09.03-15.47.47:982][  0]LogDerivedDataCache: Shared data cache path not found in *engine.ini, will not use an Shared cache.
[2018.09.03-15.47.47:982][  0]LogDerivedDataCache: Unable to find inner node Shared for hierarchical cache Hierarchy.
[2018.09.03-15.47.48:002][  0]LogMaterial: Verifying Global Shaders for PCD3D_SM5
[2018.09.03-15.47.48:004][  0]LogSlate: Using FreeType 2.6.0
[2018.09.03-15.47.48:004][  0]LogSlate: SlateFontServices - WITH_FREETYPE: 1, WITH_HARFBUZZ: 1
[2018.09.03-15.47.48:084][  0]LogAssetRegistry: FAssetRegistry took 0.0268 seconds to start up
[2018.09.03-15.47.48:426][  0]LogInit: Selected Device Profile: [Windows]
[2018.09.03-15.47.48:482][  0]LogSimplygon: Simplygon DLL not present - disabling.
[2018.09.03-15.47.48:486][  0]LogMeshReduction: Using SimplygonSwarm for distributed automatic mesh merging
[2018.09.03-15.47.48:486][  0]LogMeshReduction: Using ProxyLODMeshReduction for automatic mesh merging
[2018.09.03-15.47.48:486][  0]LogMeshReduction: Using QuadricMeshReduction for automatic static mesh reduction
[2018.09.03-15.47.48:486][  0]LogMeshReduction: No automatic skeletal mesh reduction module available
[2018.09.03-15.47.48:598][  0]LogNetVersion: PersonnageTuto 1.0.0, NetCL: 4212847, EngineNetVer: 5, GameNetVer: 0 (Checksum: 1093588729)
[2018.09.03-15.47.49:134][  0]LogPackageLocalizationCache: Processed 11 localized package path(s) for 2 prioritized culture(s) in 0.106419 seconds
[2018.09.03-15.47.49:142][  0]LogUObjectArray: 38425 objects as part of root set at end of initial load.
[2018.09.03-15.47.49:142][  0]LogUObjectAllocator: 6690864 out of 0 bytes used by permanent object pool.
[2018.09.03-15.47.49:142][  0]LogUObjectArray: CloseDisregardForGC: 0/0 objects in disregard for GC pool
[2018.09.03-15.47.50:063][  0]LogTcpMessaging: Initializing TcpMessaging bridge
[2018.09.03-15.47.50:077][  0]LogUdpMessaging: Initializing bridge on interface 0.0.0.0:0 to multicast group 230.0.0.1:6666.
[2018.09.03-15.47.50:229][  0]SourceControl: Source control is disabled
[2018.09.03-15.47.50:229][  0]SourceControl: Source control is disabled
[2018.09.03-15.47.50:231][  0]SourceControl: Source control is disabled
[2018.09.03-15.47.50:231][  0]SourceControl: Source control is disabled
[2018.09.03-15.47.50:395][  0]LogAndroidPermission: UAndroidPermissionCallbackProxy::GetInstance
[2018.09.03-15.47.50:545][  0]LogOcInput: OculusInput pre-init called
[2018.09.03-15.47.50:612][  0]LogEngine: Initializing Engine...
[2018.09.03-15.47.50:648][  0]LogHMD: Failed to initialize OpenVR with code 117
[2018.09.03-15.47.50:649][  0]LogStats: UGameplayTagsManager::ConstructGameplayTagTree: ImportINI prefixes -  0.000 s
[2018.09.03-15.47.50:649][  0]LogStats: UGameplayTagsManager::ConstructGameplayTagTree: Construct from data asset -  0.000 s
[2018.09.03-15.47.50:649][  0]LogStats: UGameplayTagsManager::ConstructGameplayTagTree: ImportINI -  0.000 s
[2018.09.03-15.47.50:649][  0]LogStats: UGameplayTagsManager::ConstructGameplayTagTree: GameplayTagTreeChangedEvent.Broadcast -  0.000 s
[2018.09.03-15.47.50:885][  0]LogInit: Initializing FReadOnlyCVARCache
[2018.09.03-15.47.50:898][  0]LogAIModule: Creating AISystem for world Untitled
[2018.09.03-15.47.50:949][  0]LogInit: XAudio2 using 'Haut-parleurs (Razer Surround Audio Controller)' : 6 channels at 48 kHz using 16 bits per sample (channel mask 0x3f)
[2018.09.03-15.47.50:960][  0]LogInit: FAudioDevice initialized.
[2018.09.03-15.47.50:960][  0]LogNetVersion: Set ProjectVersion to 1.0.0.0. Version Checksum will be recalculated on next use.
[2018.09.03-15.47.51:013][  0]LogDerivedDataCache: Saved boot cache 0.05s 71MB C:/Users/alexi/AppData/Local/UnrealEngine/4.20/DerivedDataCache/Boot.ddc.
[2018.09.03-15.47.51:024][  0]LogInit: Texture streaming: Enabled
[2018.09.03-15.47.51:040][  0]LogEngineSessionManager: EngineSessionManager initialized
[2018.09.03-15.47.51:056][  0]LogInit: Transaction tracking system initialized
[2018.09.03-15.47.51:076][  0]BlueprintLog: New page: Editor Load
[2018.09.03-15.47.51:151][  0]LocalizationService: Localization service is disabled
[2018.09.03-15.47.51:432][  0]LogCook: Display: Max memory allowance for cook 16384mb min free memory 0mb
[2018.09.03-15.47.51:432][  0]LogCook: Display: Mobile HDR setting 1
[2018.09.03-15.47.51:432][  0]LogGameplayTags: Display: UGameplayTagsManager::DoneAddingNativeTags. DelegateIsBound: 0
[2018.09.03-15.47.51:432][  0]LogStats: UGameplayTagsManager::ConstructGameplayTagTree: ImportINI prefixes -  0.000 s
[2018.09.03-15.47.51:432][  0]LogStats: UGameplayTagsManager::ConstructGameplayTagTree: Construct from data asset -  0.000 s
[2018.09.03-15.47.51:432][  0]LogStats: UGameplayTagsManager::ConstructGameplayTagTree: ImportINI -  0.000 s
[2018.09.03-15.47.51:432][  0]LogStats: UGameplayTagsManager::ConstructGameplayTagTree: GameplayTagTreeChangedEvent.Broadcast -  0.000 s
[2018.09.03-15.47.51:551][  0]LogFileCache: Scanning file cache for directory 'C:/Users/alexi/Unreal Engine/PersonnageTuto/Content/' took 0.02s
[2018.09.03-15.47.51:551][  0]SourceControl: Source control is disabled
[2018.09.03-15.47.51:551][  0]Cmd: MAP LOAD FILE="../../../../../../Users/alexi/Unreal Engine/PersonnageTuto/Content/Maps/Map_Menu.umap" TEMPLATE=0 SHOWPROGRESS=1 FEATURELEVEL=3
[2018.09.03-15.47.51:551][  0]LightingResults: New page: Lighting Build
[2018.09.03-15.47.51:554][  0]MapCheck: New page: Map Check
[2018.09.03-15.47.51:554][  0]LightingResults: New page: Lighting Build
[2018.09.03-15.47.51:617][  0]LogAIModule: Creating AISystem for world Map_Menu
[2018.09.03-15.47.51:618][  0]LogEditorServer: Finished looking for orphan Actors (0.000 secs)
[2018.09.03-15.47.51:644][  0]Cmd: MAP CHECKDEP NOCLEARLOG
[2018.09.03-15.47.51:701][  0]MapCheck: Map check complete: 0 Error(s), 0 Warning(s), took 56,338ms to complete.
[2018.09.03-15.47.51:701][  0]LogFileHelpers: Loading map 'Map_Menu' took 0.150
[2018.09.03-15.47.51:820][  0]LogSlate: Updating window title bar state: overlay mode, drag disabled, window buttons hidden, title bar hidden
[2018.09.03-15.47.51:832][  0]LogSlate: Updating window title bar state: overlay mode, drag disabled, window buttons hidden, title bar hidden
[2018.09.03-15.47.51:841][  0]LogSlate: Updating window title bar state: overlay mode, drag disabled, window buttons hidden, title bar hidden
[2018.09.03-15.47.51:849][  0]LogSlate: Updating window title bar state: overlay mode, drag disabled, window buttons hidden, title bar hidden
[2018.09.03-15.47.51:855][  0]LogCollectionManager: Loaded 0 collections in 0.001443 seconds
[2018.09.03-15.47.51:900][  0]LogFileCache: Scanning file cache for directory 'C:/Users/alexi/Unreal Engine/PersonnageTuto/Saved/Collections/' took 0.01s
[2018.09.03-15.47.51:900][  0]LogFileCache: Scanning file cache for directory 'C:/Users/alexi/Unreal Engine/PersonnageTuto/Content/Developers/alexi/Collections/' took 0.01s
[2018.09.03-15.47.51:900][  0]LogFileCache: Scanning file cache for directory 'C:/Users/alexi/Unreal Engine/PersonnageTuto/Content/Collections/' took 0.01s
[2018.09.03-15.47.51:900][  0]LogCollectionManager: Rebuilt the GUID cache for 0 collections in 0.000000 seconds
[2018.09.03-15.47.51:912][  0]LogContentBrowser: Native class hierarchy populated in 0.0118 seconds. Added 2572 classes and 603 folders.
[2018.09.03-15.47.51:919][  0]LogContentBrowser: Native class hierarchy updated for 'WidgetCarousel' in 0.0002 seconds. Added 0 classes and 0 folders.
[2018.09.03-15.47.51:957][  0]LogContentBrowser: Native class hierarchy updated for 'AddContentDialog' in 0.0003 seconds. Added 0 classes and 0 folders.
[2018.09.03-15.47.51:961][  0]LogContentBrowser: Native class hierarchy updated for 'SceneOutliner' in 0.0003 seconds. Added 1 classes and 2 folders.
[2018.09.03-15.47.53:298][  0]LogSlate: Only BGRA pngs, bmps or icos are supported in by External Image Picker
[2018.09.03-15.47.53:354][  0]LogTemp: Executing iPhonePackager certificates Engine -bundlename com.YourCompany.PersonnageTuto
[2018.09.03-15.47.53:354][  0]LogTemp: CWD: C:\Program Files\Epic Games\UE_4.20\Engine\Binaries\DotNET\IOS
[2018.09.03-15.47.53:354][  0]LogTemp: Initial Dir: C:\Program Files\Epic Games\UE_4.20
[2018.09.03-15.47.53:354][  0]LogTemp: Env CWD: C:\Program Files\Epic Games\UE_4.20\Engine\Binaries\DotNET\IOS
[2018.09.03-15.47.53:354][  0]LogSlate: Took 0.000202 seconds to synchronously load lazily loaded font '../../../Engine/Content/Slate/Fonts/Roboto-Regular.ttf' (155K)
[2018.09.03-15.47.53:357][  0]LogSlate: Took 0.000280 seconds to synchronously load lazily loaded font '../../../Engine/Content/Slate/Fonts/Roboto-Bold.ttf' (160K)
[2018.09.03-15.47.53:365][  0]LogTemp: BranchPath = RAZER-BLADE/C/Program Files/Epic Games/UE_4.20/Engine/Binaries --- GameBranchPath = RAZER-BLADE/C/Program Files/Epic Games/UE_4.20/Engine/Binaries
[2018.09.03-15.47.53:365][  0]LogSlate: Took 0.000238 seconds to synchronously load lazily loaded font '../../../Engine/Content/Editor/Slate/Fonts/FontAwesome.ttf' (139K)
[2018.09.03-15.47.53:485][  0]LogTemp: IPP ERROR: Could not find provision directory 'C:\Users\alexi\AppData\Local/Apple Computer/MobileDevice/Provisioning Profiles/'.
[2018.09.03-15.47.53:485][  0]LogRenderer: Reallocating scene render targets to support 1152x608 Format 10 NumSamples 1 (Frame:1).
[2018.09.03-15.47.53:805][  0]LogContentBrowser: Native class hierarchy updated for 'HierarchicalLODOutliner' in 0.0006 seconds. Added 0 classes and 0 folders.
[2018.09.03-15.47.53:805][  0]LogLoad: (Engine Initialization) Total time: 9.72 seconds
[2018.09.03-15.47.53:805][  0]LogLoad: (Engine Initialization) Total Blueprint compile time: 0.00 seconds
[2018.09.03-15.47.53:825][  0]LogWindowsTextInputMethodSystem: Display: IME system now deactivated.
[2018.09.03-15.47.53:855][  0]LogContentStreaming: Texture pool size now 3000 MB
[2018.09.03-15.47.53:878][  0]LogSlate: Took 0.000232 seconds to synchronously load lazily loaded font '../../../Engine/Content/Slate/Fonts/Roboto-Light.ttf' (167K)
[2018.09.03-15.47.53:929][  2]LogAssetRegistry: Asset discovery search completed in 5.8678 seconds
[2018.09.03-15.47.53:931][  2]LogCollectionManager: Rebuilt the object cache for 0 collections in 0.000000 seconds (found 0 objects)
[2018.09.03-15.47.53:931][  2]LogCollectionManager: Fixed up redirectors for 0 collections in 0.000055 seconds (updated 0 objects)
[2018.09.03-15.47.54:869][ 56]LogSlate: Took 0.000237 seconds to synchronously load lazily loaded font '../../../Engine/Content/Slate/Fonts/Roboto-Light.ttf' (167K)
[2018.09.03-15.47.59:912][348]LogSlate: FSceneViewport::OnFocusLost() reason 0
[2018.09.03-15.48.05:768][666]LogAssetEditorManager: Opening Asset editor for Blueprint /Game/Personnage/BP_Ganfaul.BP_Ganfaul
[2018.09.03-15.48.06:285][666]LogContentBrowser: Native class hierarchy updated for 'BlueprintGraph' in 0.0006 seconds. Added 116 classes and 0 folders.
[2018.09.03-15.48.07:248][666]LogSlate: Took 0.000192 seconds to synchronously load lazily loaded font '../../../Engine/Content/Slate/Fonts/Roboto-BoldCondensed.ttf' (158K)
[2018.09.03-15.48.07:357][667]LogSlate: Took 0.000278 seconds to synchronously load lazily loaded font '../../../Engine/Content/Slate/Fonts/Roboto-Italic.ttf' (157K)
[2018.09.03-16.04.53:058][524]LogSlate: Window 'PersonnageTuto - Unreal Editor' being destroyed
[2018.09.03-16.04.53:384][525]Cmd: QUIT_EDITOR
[2018.09.03-16.04.53:421][525]LogWindowsTextInputMethodSystem: Display: IME system now deactivated.
[2018.09.03-16.04.53:438][525]LogExit: Preparing to exit.
[2018.09.03-16.04.53:840][525]LogExit: Editor shut down
[2018.09.03-16.04.53:841][525]LogExit: Transaction tracking system shut down
[2018.09.03-16.04.54:299][525]LogExit: Object subsystem successfully closed.
[2018.09.03-16.04.54:327][525]LogShaderCompilers: Display: Shaders left to compile 0
[2018.09.03-16.04.54:330][525]LogD3D11RHI: Shutdown
[2018.09.03-16.04.54:330][525]LogD3D11RHI: CleanupD3DDevice
[2018.09.03-16.04.54:331][525]LogD3D11RHI: ~FD3D11DynamicRHI
[2018.09.03-16.04.54:349][525]LogModuleManager: Shutting down and abandoning module BlueprintGraph (614)
[2018.09.03-16.04.54:349][525]LogModuleManager: Shutting down and abandoning module HierarchicalLODOutliner (612)
[2018.09.03-16.04.54:350][525]LogModuleManager: Shutting down and abandoning module ExternalImagePicker (610)
[2018.09.03-16.04.54:350][525]LogModuleManager: Shutting down and abandoning module SceneOutliner (608)
[2018.09.03-16.04.54:350][525]LogModuleManager: Shutting down and abandoning module AddContentDialog (606)
[2018.09.03-16.04.54:350][525]LogModuleManager: Shutting down and abandoning module WidgetCarousel (605)
[2018.09.03-16.04.54:350][525]LogModuleManager: Shutting down and abandoning module EditorWidgets (602)
[2018.09.03-16.04.54:350][525]LogModuleManager: Shutting down and abandoning module CollectionManager (600)
[2018.09.03-16.04.54:350][525]LogModuleManager: Shutting down and abandoning module StatsViewer (598)
[2018.09.03-16.04.54:350][525]LogModuleManager: Shutting down and abandoning module FoliageEdit (596)
[2018.09.03-16.04.54:351][525]LogModuleManager: Shutting down and abandoning module LandscapeEditor (594)
[2018.09.03-16.04.54:351][525]LogModuleManager: Shutting down and abandoning module MeshPaintMode (592)
[2018.09.03-16.04.54:351][525]LogModuleManager: Shutting down and abandoning module SceneDepthPickerMode (590)
[2018.09.03-16.04.54:351][525]LogModuleManager: Shutting down and abandoning module ActorPickerMode (588)
[2018.09.03-16.04.54:351][525]LogModuleManager: Shutting down and abandoning module GeometryMode (586)
[2018.09.03-16.04.54:351][525]LogModuleManager: Shutting down and abandoning module TextureAlignMode (584)
[2018.09.03-16.04.54:351][525]LogModuleManager: Shutting down and abandoning module BspMode (582)
[2018.09.03-16.04.54:351][525]LogModuleManager: Shutting down and abandoning module PIEPreviewDeviceProfileSelector (580)
[2018.09.03-16.04.54:351][525]LogModuleManager: Shutting down and abandoning module SequenceRecorderSections (578)
[2018.09.03-16.04.54:351][525]LogModuleManager: Shutting down and abandoning module AutomationWorker (576)
[2018.09.03-16.04.54:351][525]LogModuleManager: Shutting down and abandoning module AudioCaptureEditor (574)
[2018.09.03-16.04.54:351][525]LogModuleManager: Shutting down and abandoning module SequenceRecorder (573)
[2018.09.03-16.04.54:351][525]LogModuleManager: Shutting down and abandoning module MatineeToLevelSequence (570)
[2018.09.03-16.04.54:351][525]LogModuleManager: Shutting down and abandoning module LevelSequenceEditor (568)
[2018.09.03-16.04.54:351][525]LogModuleManager: Shutting down and abandoning module PlacementMode (567)
[2018.09.03-16.04.54:351][525]LogModuleManager: Shutting down and abandoning module MaterialEditor (566)
[2018.09.03-16.04.54:351][525]LogModuleManager: Shutting down and abandoning module WmfMediaFactory (562)
[2018.09.03-16.04.54:351][525]LogModuleManager: Shutting down and abandoning module WmfMediaEditor (560)
[2018.09.03-16.04.54:351][525]LogModuleManager: Shutting down and abandoning module MediaPlayerEditor (558)
[2018.09.03-16.04.54:351][525]LogModuleManager: Shutting down and abandoning module OpenExrWrapper (556)
[2018.09.03-16.04.54:351][525]LogModuleManager: Shutting down and abandoning module ImgMediaFactory (554)
[2018.09.03-16.04.54:351][525]LogModuleManager: Shutting down and abandoning module ImgMediaEditor (552)
[2018.09.03-16.04.54:351][525]LogModuleManager: Shutting down and abandoning module AvfMediaFactory (550)
[2018.09.03-16.04.54:351][525]LogModuleManager: Shutting down and abandoning module AvfMediaEditor (548)
[2018.09.03-16.04.54:351][525]LogModuleManager: Shutting down and abandoning module AndroidMediaFactory (546)
[2018.09.03-16.04.54:351][525]LogModuleManager: Shutting down and abandoning module AndroidMediaEditor (544)
[2018.09.03-16.04.54:351][525]LogModuleManager: Shutting down and abandoning module MagicLeapCameraPreviewFactory (542)
[2018.09.03-16.04.54:351][525]LogModuleManager: Shutting down and abandoning module MagicLeapMediaFactory (540)
[2018.09.03-16.04.54:351][525]LogModuleManager: Shutting down and abandoning module MagicLeapMediaEditor (538)
[2018.09.03-16.04.54:351][525]LogModuleManager: Shutting down and abandoning module CharacterAI (536)
[2018.09.03-16.04.54:351][525]LogModuleManager: Shutting down and abandoning module SmartSnapping (534)
[2018.09.03-16.04.54:351][525]LogModuleManager: Shutting down and abandoning module SessionServices (532)
[2018.09.03-16.04.54:351][525]LogModuleManager: Shutting down and abandoning module ViewportSnapping (530)
[2018.09.03-16.04.54:351][525]LogModuleManager: Shutting down and abandoning module ViewportInteraction (528)
[2018.09.03-16.04.54:351][525]LogModuleManager: Shutting down and abandoning module ClothPainter (526)
[2018.09.03-16.04.54:351][525]LogModuleManager: Shutting down and abandoning module SkeletalMeshEditor (525)
[2018.09.03-16.04.54:351][525]LogModuleManager: Shutting down and abandoning module LogVisualizer (522)
[2018.09.03-16.04.54:352][525]LogModuleManager: Shutting down and abandoning module IntroTutorials (520)
[2018.09.03-16.04.54:352][525]LogModuleManager: Shutting down and abandoning module GameProjectGeneration (519)
[2018.09.03-16.04.54:352][525]LogModuleManager: Shutting down and abandoning module LuminPlatformEditor (516)
[2018.09.03-16.04.54:352][525]LogModuleManager: Shutting down and abandoning module IOSPlatformEditor (514)
[2018.09.03-16.04.54:352][525]LogModuleManager: Shutting down and abandoning module HTML5PlatformEditor (512)
[2018.09.03-16.04.54:352][525]LogModuleManager: Shutting down and abandoning module AndroidPlatformEditor (510)
[2018.09.03-16.04.54:352][525]LogModuleManager: Shutting down and abandoning module AndroidDeviceDetection (509)
[2018.09.03-16.04.55:778][525]LogModuleManager: Shutting down and abandoning module WindowsPlatformEditor (506)
[2018.09.03-16.04.55:778][525]LogModuleManager: Shutting down and abandoning module LuminRuntimeSettings (504)
[2018.09.03-16.04.55:778][525]LogModuleManager: Shutting down and abandoning module IOSRuntimeSettings (502)
[2018.09.03-16.04.55:778][525]LogModuleManager: Shutting down and abandoning module AndroidRuntimeSettings (500)
[2018.09.03-16.04.55:778][525]LogModuleManager: Shutting down and abandoning module InputBindingEditor (498)
[2018.09.03-16.04.55:779][525]LogModuleManager: Shutting down and abandoning module MergeActors (496)
[2018.09.03-16.04.55:779][525]LogModuleManager: Shutting down and abandoning module LocalizationDashboard (494)
[2018.09.03-16.04.55:779][525]LogModuleManager: Shutting down and abandoning module LocalizationService (493)
[2018.09.03-16.04.55:779][525]LogModuleManager: Shutting down and abandoning module HardwareTargeting (490)
[2018.09.03-16.04.55:779][525]LogModuleManager: Shutting down and abandoning module DeviceProfileEditor (488)
[2018.09.03-16.04.55:779][525]LogModuleManager: Shutting down and abandoning module UndoHistory (486)
[2018.09.03-16.04.55:779][525]LogModuleManager: Shutting down and abandoning module XmlParser (484)
[2018.09.03-16.04.55:779][525]LogModuleManager: Shutting down and abandoning module Blutility (482)
[2018.09.03-16.04.55:779][525]LogModuleManager: Shutting down and abandoning module ProjectSettingsViewer (480)
[2018.09.03-16.04.55:779][525]LogModuleManager: Shutting down and abandoning module ProjectTargetPlatformEditor (479)
[2018.09.03-16.04.55:779][525]LogModuleManager: Shutting down and abandoning module EditorSettingsViewer (476)
[2018.09.03-16.04.55:779][525]LogModuleManager: Shutting down and abandoning module SettingsEditor (474)
[2018.09.03-16.04.55:779][525]LogModuleManager: Shutting down and abandoning module ProjectLauncher (472)
[2018.09.03-16.04.55:779][525]LogModuleManager: Shutting down and abandoning module SessionFrontend (470)
[2018.09.03-16.04.55:779][525]LogModuleManager: Shutting down and abandoning module ProfilerClient (468)
[2018.09.03-16.04.55:779][525]LogModuleManager: Shutting down and abandoning module DeviceManager (466)
[2018.09.03-16.04.55:779][525]LogModuleManager: Shutting down and abandoning module TargetDeviceServices (465)
[2018.09.03-16.04.55:833][525]LogModuleManager: Shutting down and abandoning module AutomationController (462)
[2018.09.03-16.04.55:833][525]LogModuleManager: Shutting down and abandoning module AutomationWindow (460)
[2018.09.03-16.04.55:833][525]LogModuleManager: Shutting down and abandoning module Layers (458)
[2018.09.03-16.04.55:833][525]LogModuleManager: Shutting down and abandoning module ComponentVisualizers (456)
[2018.09.03-16.04.55:833][525]LogModuleManager: Shutting down and abandoning module DetailCustomizations (454)
[2018.09.03-16.04.55:833][525]LogModuleManager: Shutting down and abandoning module PackagesDialog (452)
[2018.09.03-16.04.55:833][525]LogModuleManager: Shutting down and abandoning module Persona (450)
[2018.09.03-16.04.55:833][525]LogModuleManager: Shutting down and abandoning module AdvancedPreviewScene (449)
[2018.09.03-16.04.55:833][525]LogModuleManager: Shutting down and abandoning module AnimGraph (447)
[2018.09.03-16.04.55:833][525]LogModuleManager: Shutting down and abandoning module Kismet (444)
[2018.09.03-16.04.55:839][525]LogModuleManager: Shutting down and abandoning module GraphEditor (442)
[2018.09.03-16.04.55:839][525]LogModuleManager: Shutting down and abandoning module ClassViewer (440)
[2018.09.03-16.04.55:839][525]LogModuleManager: Shutting down and abandoning module Toolbox (438)
[2018.09.03-16.04.55:839][525]LogModuleManager: Shutting down and abandoning module ModuleUI (436)
[2018.09.03-16.04.55:839][525]LogModuleManager: Shutting down and abandoning module MovieSceneTools (434)
[2018.09.03-16.04.55:840][525]LogModuleManager: Shutting down and abandoning module OutputLog (432)
[2018.09.03-16.04.55:840][525]LogModuleManager: Shutting down and abandoning module GammaUI (430)
[2018.09.03-16.04.55:840][525]LogModuleManager: Shutting down and abandoning module Documentation (428)
[2018.09.03-16.04.55:840][525]LogModuleManager: Shutting down and abandoning module MovieSceneTracks (426)
[2018.09.03-16.04.55:840][525]LogModuleManager: Shutting down and abandoning module MovieScene (424)
[2018.09.03-16.04.55:840][525]LogModuleManager: Shutting down and abandoning module StreamingPauseRendering (422)
[2018.09.03-16.04.55:840][525]LogModuleManager: Shutting down and abandoning module LauncherPlatform (420)
[2018.09.03-16.04.55:840][525]LogModuleManager: Shutting down and abandoning module AnalyticsET (418)
[2018.09.03-16.04.55:840][525]LogModuleManager: Shutting down and abandoning module PortalServices (416)
[2018.09.03-16.04.55:840][525]LogModuleManager: Shutting down and abandoning module PortalRpc (414)
[2018.09.03-16.04.55:840][525]LogModuleManager: Shutting down and abandoning module MessagingRpc (412)
[2018.09.03-16.04.55:840][525]LogModuleManager: Shutting down and abandoning module AIModule (410)
[2018.09.03-16.04.55:840][525]LogModuleManager: Shutting down and abandoning module GameplayDebugger (409)
[2018.09.03-16.04.55:840][525]LogModuleManager: Shutting down and abandoning module AITestSuite (407)
[2018.09.03-16.04.55:840][525]LogModuleManager: Shutting down and abandoning module NavigationSystem (405)
[2018.09.03-16.04.55:840][525]LogModuleManager: Shutting down and abandoning module DesktopPlatform (402)
[2018.09.03-16.04.55:840][525]LogModuleManager: Shutting down and abandoning module ProfilerService (400)
[2018.09.03-16.04.56:082][525]LogModuleManager: Shutting down and abandoning module TaskGraph (398)
[2018.09.03-16.04.56:082][525]LogModuleManager: Shutting down and abandoning module SteamVRController (396)
[2018.09.03-16.04.56:083][525]LogModuleManager: Shutting down and abandoning module ProceduralMeshComponentEditor (394)
[2018.09.03-16.04.56:083][525]LogModuleManager: Shutting down and abandoning module ProceduralMeshComponent (392)
[2018.09.03-16.04.56:083][525]LogModuleManager: Shutting down and abandoning module OculusInput (390)
[2018.09.03-16.04.56:083][525]LogModuleManager: Shutting down and abandoning module MobilePatchingUtils (388)
[2018.09.03-16.04.56:083][525]LogModuleManager: Shutting down and abandoning module EditableMesh (386)
[2018.09.03-16.04.56:083][525]LogModuleManager: Shutting down and abandoning module CustomMeshComponent (384)
[2018.09.03-16.04.56:083][525]LogModuleManager: Shutting down and abandoning module CableComponent (382)
[2018.09.03-16.04.56:083][525]LogModuleManager: Shutting down and abandoning module AudioCapture (380)
[2018.09.03-16.04.56:083][525]LogModuleManager: Shutting down and abandoning module ArchVisCharacter (378)
[2018.09.03-16.04.56:083][525]LogModuleManager: Shutting down and abandoning module AndroidPermission (376)
[2018.09.03-16.04.56:083][525]LogModuleManager: Shutting down and abandoning module NUTUnrealEngine4 (374)
[2018.09.03-16.04.56:083][525]LogModuleManager: Shutting down and abandoning module NetcodeUnitTest (372)
[2018.09.03-16.04.56:083][525]LogModuleManager: Shutting down and abandoning module MediaCompositingEditor (370)
[2018.09.03-16.04.56:083][525]LogModuleManager: Shutting down and abandoning module MediaCompositing (368)
[2018.09.03-16.04.56:083][525]LogModuleManager: Shutting down and abandoning module LinearTimecode (366)
[2018.09.03-16.04.56:083][525]LogModuleManager: Shutting down and abandoning module ImgMedia (364)
[2018.09.03-16.04.56:168][525]LogModuleManager: Shutting down and abandoning module HTML5Networking (362)
[2018.09.03-16.04.56:168][525]LogModuleManager: Shutting down and abandoning module GeometryCacheTracks (360)
[2018.09.03-16.04.56:168][525]LogModuleManager: Shutting down and abandoning module GeometryCacheSequencer (358)
[2018.09.03-16.04.56:169][525]LogModuleManager: Shutting down and abandoning module BackChannel (356)
[2018.09.03-16.04.56:169][525]LogModuleManager: Shutting down and abandoning module AppleVision (354)
[2018.09.03-16.04.56:169][525]LogModuleManager: Shutting down and abandoning module AppleImageUtils (352)
[2018.09.03-16.04.56:169][525]LogModuleManager: Shutting down and abandoning module AlembicImporter (350)
[2018.09.03-16.04.56:169][525]LogModuleManager: Shutting down and abandoning module AlembicLibrary (349)
[2018.09.03-16.04.56:169][525]LogModuleManager: Shutting down and abandoning module GeometryCache (348)
[2018.09.03-16.04.56:169][525]LogModuleManager: Shutting down and abandoning module GeometryCacheEd (347)
[2018.09.03-16.04.56:169][525]LogModuleManager: Shutting down and abandoning module DatasmithContentEditor (342)
[2018.09.03-16.04.56:169][525]LogModuleManager: Shutting down and abandoning module DatasmithContent (340)
[2018.09.03-16.04.56:170][525]LogModuleManager: Shutting down and abandoning module SpeedTreeImporter (338)
[2018.09.03-16.04.56:170][525]LogModuleManager: Shutting down and abandoning module PluginBrowser (336)
[2018.09.03-16.04.56:170][525]LogModuleManager: Shutting down and abandoning module MobileLauncherProfileWizard (334)
[2018.09.03-16.04.56:170][525]LogModuleManager: Shutting down and abandoning module PolygonModeling (332)
[2018.09.03-16.04.56:170][525]LogModuleManager: Shutting down and abandoning module MeshEditor (330)
[2018.09.03-16.04.56:170][525]LogModuleManager: Shutting down and abandoning module CryptoKeysOpenSSL (328)
[2018.09.03-16.04.56:170][525]LogModuleManager: Shutting down and abandoning module CryptoKeys (326)
[2018.09.03-16.04.56:170][525]LogModuleManager: Shutting down and abandoning module VisualStudioSourceCodeAccess (324)
[2018.09.03-16.04.56:170][525]LogModuleManager: Shutting down and abandoning module VisualStudioCodeSourceCodeAccess (322)
[2018.09.03-16.04.56:170][525]LogModuleManager: Shutting down and abandoning module UObjectPlugin (320)
[2018.09.03-16.04.56:170][525]LogModuleManager: Shutting down and abandoning module SubversionSourceControl (318)
[2018.09.03-16.04.56:170][525]LogModuleManager: Shutting down and abandoning module PerforceSourceControl (316)
[2018.09.03-16.04.56:171][525]LogModuleManager: Shutting down and abandoning module GitSourceControl (314)
[2018.09.03-16.04.56:171][525]LogModuleManager: Shutting down and abandoning module SourceControl (313)
[2018.09.03-16.04.56:171][525]LogModuleManager: Shutting down and abandoning module CLionSourceCodeAccess (310)
[2018.09.03-16.04.56:171][525]LogModuleManager: Shutting down and abandoning module LightPropagationVolumeEditor (308)
[2018.09.03-16.04.56:171][525]LogModuleManager: Shutting down and abandoning module PaperTiledImporter (306)
[2018.09.03-16.04.56:171][525]LogModuleManager: Shutting down and abandoning module PaperSpriteSheetImporter (304)
[2018.09.03-16.04.56:171][525]LogModuleManager: Shutting down and abandoning module Paper2DEditor (302)
[2018.09.03-16.04.56:171][525]LogModuleManager: Shutting down and abandoning module MeshPaint (301)
[2018.09.03-16.04.56:171][525]LogModuleManager: Shutting down and abandoning module RuntimePhysXCooking (298)
[2018.09.03-16.04.56:171][525]LogModuleManager: Shutting down and abandoning module PhysXVehiclesEditor (296)
[2018.09.03-16.04.56:171][525]LogModuleManager: Shutting down and abandoning module PhysXVehicles (294)
[2018.09.03-16.04.56:171][525]LogModuleManager: Shutting down and abandoning module OculusEditor (292)
[2018.09.03-16.04.56:171][525]LogModuleManager: Shutting down and abandoning module LocationServicesBPLibrary (290)
[2018.09.03-16.04.56:171][525]LogModuleManager: Shutting down and abandoning module ImmediatePhysicsEditor (288)
[2018.09.03-16.04.56:171][525]LogModuleManager: Shutting down and abandoning module ImmediatePhysics (286)
[2018.09.03-16.04.56:171][525]LogModuleManager: Shutting down and abandoning module ActorSequence (284)
[2018.09.03-16.04.56:171][525]LogModuleManager: Shutting down and abandoning module UdpMessaging (282)
[2018.09.03-16.04.56:272][525]LogModuleManager: Shutting down and abandoning module TcpMessaging (280)
